<?xml version="1.0" encoding="UTF-8"?>
<coverage generated="1760118686088" clover="3.2.0">
  <project timestamp="1760118686088" name="All files">
    <metrics statements="282" coveredstatements="239" conditionals="246" coveredconditionals="165" methods="40" coveredmethods="34" elements="568" coveredelements="438" complexity="0" loc="282" ncloc="282" packages="6" files="19" classes="19"/>
    <package name="dist.src">
      <metrics statements="54" coveredstatements="44" conditionals="36" coveredconditionals="22" methods="6" coveredmethods="6"/>
      <file name="maskify.js" path="/Users/Topman/Documents/Projects/NodeJS/maskify/dist/src/maskify.js">
        <metrics statements="54" coveredstatements="44" conditionals="36" coveredconditionals="22" methods="6" coveredmethods="6"/>
        <line num="2" count="1" type="stmt"/>
        <line num="3" count="1" type="stmt"/>
        <line num="4" count="1" type="stmt"/>
        <line num="5" count="1" type="stmt"/>
        <line num="8" count="20" type="cond" truecount="2" falsecount="0"/>
        <line num="9" count="2" type="stmt"/>
        <line num="10" count="18" type="stmt"/>
        <line num="11" count="18" type="cond" truecount="1" falsecount="0"/>
        <line num="12" count="18" type="cond" truecount="2" falsecount="0"/>
        <line num="13" count="17" type="stmt"/>
        <line num="14" count="1" type="cond" truecount="1" falsecount="1"/>
        <line num="15" count="1" type="cond" truecount="1" falsecount="1"/>
        <line num="16" count="1" type="stmt"/>
        <line num="17" count="0" type="cond" truecount="0" falsecount="2"/>
        <line num="18" count="0" type="stmt"/>
        <line num="19" count="0" type="cond" truecount="0" falsecount="2"/>
        <line num="20" count="0" type="stmt"/>
        <line num="22" count="0" type="stmt"/>
        <line num="25" count="17" type="cond" truecount="4" falsecount="0"/>
        <line num="27" count="9" type="stmt"/>
        <line num="29" count="5" type="stmt"/>
        <line num="31" count="1" type="stmt"/>
        <line num="33" count="2" type="stmt"/>
        <line num="37" count="6" type="stmt"/>
        <line num="39" count="9" type="stmt"/>
        <line num="44" count="6" type="stmt"/>
        <line num="45" count="9" type="stmt"/>
        <line num="46" count="9" type="stmt"/>
        <line num="47" count="9" type="stmt"/>
        <line num="48" count="29" type="cond" truecount="1" falsecount="1"/>
        <line num="49" count="0" type="stmt"/>
        <line num="50" count="29" type="stmt"/>
        <line num="51" count="29" type="stmt"/>
        <line num="53" count="29" type="cond" truecount="2" falsecount="0"/>
        <line num="54" count="5" type="cond" truecount="1" falsecount="1"/>
        <line num="55" count="5" type="stmt"/>
        <line num="56" count="9" type="stmt"/>
        <line num="58" count="5" type="stmt"/>
        <line num="61" count="24" type="cond" truecount="1" falsecount="1"/>
        <line num="62" count="0" type="stmt"/>
        <line num="63" count="0" type="cond" truecount="0" falsecount="4"/>
        <line num="64" count="0" type="stmt"/>
        <line num="66" count="0" type="stmt"/>
        <line num="69" count="24" type="cond" truecount="2" falsecount="0"/>
        <line num="70" count="1" type="stmt"/>
        <line num="71" count="23" type="cond" truecount="2" falsecount="0"/>
        <line num="72" count="12" type="cond" truecount="1" falsecount="1"/>
        <line num="73" count="12" type="stmt"/>
        <line num="77" count="11" type="stmt"/>
        <line num="80" count="9" type="stmt"/>
        <line num="82" count="6" type="stmt"/>
        <line num="83" count="9" type="stmt"/>
        <line num="85" count="6" type="stmt"/>
        <line num="88" count="1" type="stmt"/>
      </file>
    </package>
    <package name="dist.src.maskers">
      <metrics statements="76" coveredstatements="63" conditionals="90" coveredconditionals="61" methods="9" coveredmethods="8"/>
      <file name="card.js" path="/Users/Topman/Documents/Projects/NodeJS/maskify/dist/src/maskers/card.js">
        <metrics statements="9" coveredstatements="8" conditionals="10" coveredconditionals="8" methods="2" coveredmethods="2"/>
        <line num="2" count="1" type="stmt"/>
        <line num="3" count="1" type="stmt"/>
        <line num="5" count="1" type="cond" truecount="2" falsecount="0"/>
        <line num="6" count="1" type="cond" truecount="1" falsecount="1"/>
        <line num="7" count="0" type="stmt"/>
        <line num="8" count="1" type="stmt"/>
        <line num="9" count="1" type="cond" truecount="1" falsecount="1"/>
        <line num="10" count="4" type="cond" truecount="4" falsecount="0"/>
        <line num="11" count="1" type="stmt"/>
      </file>
      <file name="email.js" path="/Users/Topman/Documents/Projects/NodeJS/maskify/dist/src/maskers/email.js">
        <metrics statements="19" coveredstatements="17" conditionals="20" coveredconditionals="13" methods="1" coveredmethods="1"/>
        <line num="2" count="1" type="stmt"/>
        <line num="3" count="1" type="stmt"/>
        <line num="15" count="10" type="cond" truecount="4" falsecount="1"/>
        <line num="16" count="0" type="cond" truecount="0" falsecount="2"/>
        <line num="18" count="10" type="cond" truecount="4" falsecount="0"/>
        <line num="19" count="10" type="stmt"/>
        <line num="20" count="10" type="cond" truecount="3" falsecount="1"/>
        <line num="21" count="0" type="stmt"/>
        <line num="22" count="10" type="stmt"/>
        <line num="23" count="10" type="cond" truecount="1" falsecount="1"/>
        <line num="25" count="10" type="stmt"/>
        <line num="26" count="10" type="stmt"/>
        <line num="27" count="10" type="stmt"/>
        <line num="28" count="10" type="stmt"/>
        <line num="30" count="10" type="stmt"/>
        <line num="31" count="10" type="stmt"/>
        <line num="32" count="10" type="stmt"/>
        <line num="33" count="10" type="stmt"/>
        <line num="35" count="10" type="cond" truecount="1" falsecount="1"/>
      </file>
      <file name="generic.js" path="/Users/Topman/Documents/Projects/NodeJS/maskify/dist/src/maskers/generic.js">
        <metrics statements="13" coveredstatements="10" conditionals="13" coveredconditionals="9" methods="1" coveredmethods="1"/>
        <line num="2" count="1" type="stmt"/>
        <line num="3" count="1" type="stmt"/>
        <line num="12" count="2" type="cond" truecount="4" falsecount="0"/>
        <line num="13" count="2" type="cond" truecount="3" falsecount="1"/>
        <line num="14" count="0" type="stmt"/>
        <line num="15" count="2" type="stmt"/>
        <line num="17" count="2" type="cond" truecount="1" falsecount="1"/>
        <line num="18" count="0" type="stmt"/>
        <line num="19" count="0" type="stmt"/>
        <line num="21" count="2" type="stmt"/>
        <line num="22" count="2" type="cond" truecount="1" falsecount="1"/>
        <line num="23" count="2" type="stmt"/>
        <line num="24" count="2" type="stmt"/>
      </file>
      <file name="index.js" path="/Users/Topman/Documents/Projects/NodeJS/maskify/dist/src/maskers/index.js">
        <metrics statements="15" coveredstatements="13" conditionals="24" coveredconditionals="16" methods="4" coveredmethods="3"/>
        <line num="2" count="1" type="cond" truecount="4" falsecount="1"/>
        <line num="3" count="4" type="cond" truecount="1" falsecount="1"/>
        <line num="4" count="4" type="stmt"/>
        <line num="5" count="4" type="cond" truecount="5" falsecount="3"/>
        <line num="6" count="18" type="stmt"/>
        <line num="8" count="4" type="stmt"/>
        <line num="10" count="0" type="cond" truecount="0" falsecount="2"/>
        <line num="11" count="0" type="stmt"/>
        <line num="13" count="1" type="cond" truecount="3" falsecount="0"/>
        <line num="14" count="4" type="cond" truecount="3" falsecount="1"/>
        <line num="16" count="1" type="stmt"/>
        <line num="17" count="1" type="stmt"/>
        <line num="18" count="1" type="stmt"/>
        <line num="19" count="1" type="stmt"/>
        <line num="20" count="1" type="stmt"/>
      </file>
      <file name="phone.js" path="/Users/Topman/Documents/Projects/NodeJS/maskify/dist/src/maskers/phone.js">
        <metrics statements="20" coveredstatements="15" conditionals="23" coveredconditionals="15" methods="1" coveredmethods="1"/>
        <line num="2" count="1" type="stmt"/>
        <line num="3" count="1" type="stmt"/>
        <line num="14" count="5" type="cond" truecount="4" falsecount="0"/>
        <line num="15" count="5" type="cond" truecount="1" falsecount="1"/>
        <line num="16" count="0" type="stmt"/>
        <line num="17" count="5" type="stmt"/>
        <line num="18" count="5" type="stmt"/>
        <line num="19" count="5" type="cond" truecount="1" falsecount="1"/>
        <line num="20" count="0" type="stmt"/>
        <line num="21" count="5" type="cond" truecount="4" falsecount="0"/>
        <line num="24" count="5" type="stmt"/>
        <line num="26" count="5" type="cond" truecount="1" falsecount="1"/>
        <line num="27" count="0" type="stmt"/>
        <line num="28" count="0" type="stmt"/>
        <line num="29" count="0" type="cond" truecount="0" falsecount="4"/>
        <line num="31" count="5" type="stmt"/>
        <line num="32" count="5" type="stmt"/>
        <line num="33" count="5" type="stmt"/>
        <line num="34" count="5" type="stmt"/>
        <line num="36" count="5" type="cond" truecount="4" falsecount="0"/>
      </file>
    </package>
    <package name="dist.src.utils">
      <metrics statements="34" coveredstatements="29" conditionals="33" coveredconditionals="24" methods="9" coveredmethods="6"/>
      <file name="clone.js" path="/Users/Topman/Documents/Projects/NodeJS/maskify/dist/src/utils/clone.js">
        <metrics statements="13" coveredstatements="12" conditionals="9" coveredconditionals="8" methods="2" coveredmethods="2"/>
        <line num="2" count="1" type="stmt"/>
        <line num="3" count="1" type="stmt"/>
        <line num="5" count="82" type="cond" truecount="4" falsecount="0"/>
        <line num="6" count="43" type="stmt"/>
        <line num="7" count="39" type="cond" truecount="1" falsecount="1"/>
        <line num="8" count="0" type="stmt"/>
        <line num="9" count="39" type="stmt"/>
        <line num="10" count="39" type="cond" truecount="2" falsecount="0"/>
        <line num="11" count="15" type="stmt"/>
        <line num="12" count="31" type="stmt"/>
        <line num="13" count="31" type="stmt"/>
        <line num="14" count="61" type="stmt"/>
        <line num="16" count="31" type="stmt"/>
      </file>
      <file name="detectors.js" path="/Users/Topman/Documents/Projects/NodeJS/maskify/dist/src/utils/detectors.js">
        <metrics statements="6" coveredstatements="4" conditionals="0" coveredconditionals="0" methods="3" coveredmethods="1"/>
        <line num="2" count="1" type="stmt"/>
        <line num="3" count="1" type="stmt"/>
        <line num="4" count="1" type="stmt"/>
        <line num="5" count="1" type="stmt"/>
        <line num="6" count="0" type="stmt"/>
        <line num="7" count="0" type="stmt"/>
      </file>
      <file name="index.js" path="/Users/Topman/Documents/Projects/NodeJS/maskify/dist/src/utils/index.js">
        <metrics statements="14" coveredstatements="12" conditionals="24" coveredconditionals="16" methods="4" coveredmethods="3"/>
        <line num="2" count="1" type="cond" truecount="4" falsecount="1"/>
        <line num="3" count="2" type="cond" truecount="1" falsecount="1"/>
        <line num="4" count="2" type="stmt"/>
        <line num="5" count="2" type="cond" truecount="5" falsecount="3"/>
        <line num="6" count="7" type="stmt"/>
        <line num="8" count="2" type="stmt"/>
        <line num="10" count="0" type="cond" truecount="0" falsecount="2"/>
        <line num="11" count="0" type="stmt"/>
        <line num="13" count="1" type="cond" truecount="3" falsecount="0"/>
        <line num="14" count="3" type="cond" truecount="3" falsecount="1"/>
        <line num="16" count="1" type="stmt"/>
        <line num="17" count="1" type="stmt"/>
        <line num="18" count="1" type="stmt"/>
        <line num="19" count="1" type="stmt"/>
      </file>
      <file name="types.js" path="/Users/Topman/Documents/Projects/NodeJS/maskify/dist/src/utils/types.js">
        <metrics statements="1" coveredstatements="1" conditionals="0" coveredconditionals="0" methods="0" coveredmethods="0"/>
        <line num="2" count="1" type="stmt"/>
      </file>
    </package>
    <package name="src">
      <metrics statements="45" coveredstatements="38" conditionals="23" coveredconditionals="16" methods="6" coveredmethods="6"/>
      <file name="maskify.ts" path="/Users/Topman/Documents/Projects/NodeJS/maskify/src/maskify.ts">
        <metrics statements="45" coveredstatements="38" conditionals="23" coveredconditionals="16" methods="6" coveredmethods="6"/>
        <line num="1" count="1" type="stmt"/>
        <line num="2" count="1" type="stmt"/>
        <line num="4" count="1" type="stmt"/>
        <line num="9" count="20" type="cond" truecount="1" falsecount="0"/>
        <line num="10" count="18" type="stmt"/>
        <line num="11" count="18" type="cond" truecount="1" falsecount="0"/>
        <line num="13" count="18" type="cond" truecount="1" falsecount="0"/>
        <line num="15" count="1" type="cond" truecount="1" falsecount="0"/>
        <line num="16" count="1" type="cond" truecount="1" falsecount="0"/>
        <line num="17" count="0" type="cond" truecount="0" falsecount="1"/>
        <line num="18" count="0" type="cond" truecount="0" falsecount="1"/>
        <line num="21" count="0" type="stmt"/>
        <line num="29" count="17" type="cond" truecount="4" falsecount="0"/>
        <line num="31" count="9" type="stmt"/>
        <line num="33" count="5" type="stmt"/>
        <line num="35" count="1" type="stmt"/>
        <line num="37" count="2" type="stmt"/>
        <line num="45" count="6" type="stmt"/>
        <line num="48" count="6" type="stmt"/>
        <line num="49" count="9" type="stmt"/>
        <line num="55" count="6" type="stmt"/>
        <line num="56" count="9" type="stmt"/>
        <line num="57" count="9" type="stmt"/>
        <line num="59" count="9" type="stmt"/>
        <line num="60" count="29" type="cond" truecount="0" falsecount="1"/>
        <line num="61" count="29" type="stmt"/>
        <line num="62" count="29" type="stmt"/>
        <line num="65" count="29" type="cond" truecount="1" falsecount="0"/>
        <line num="66" count="5" type="cond" truecount="1" falsecount="0"/>
        <line num="67" count="9" type="stmt"/>
        <line num="69" count="5" type="stmt"/>
        <line num="73" count="24" type="cond" truecount="0" falsecount="1"/>
        <line num="74" count="0" type="stmt"/>
        <line num="75" count="0" type="cond" truecount="0" falsecount="3"/>
        <line num="76" count="0" type="stmt"/>
        <line num="78" count="0" type="stmt"/>
        <line num="82" count="24" type="cond" truecount="1" falsecount="0"/>
        <line num="84" count="23" type="cond" truecount="2" falsecount="0"/>
        <line num="85" count="12" type="cond" truecount="1" falsecount="0"/>
        <line num="86" count="12" type="stmt"/>
        <line num="89" count="11" type="stmt"/>
        <line num="93" count="9" type="stmt"/>
        <line num="96" count="6" type="stmt"/>
        <line num="97" count="9" type="stmt"/>
        <line num="100" count="6" type="stmt"/>
      </file>
    </package>
    <package name="src.maskers">
      <metrics statements="57" coveredstatements="51" conditionals="58" coveredconditionals="37" methods="5" coveredmethods="5"/>
      <file name="card.ts" path="/Users/Topman/Documents/Projects/NodeJS/maskify/src/maskers/card.ts">
        <metrics statements="8" coveredstatements="8" conditionals="9" coveredconditionals="7" methods="2" coveredmethods="2"/>
        <line num="3" count="1" type="stmt"/>
        <line num="7" count="1" type="cond" truecount="2" falsecount="0"/>
        <line num="9" count="1" type="cond" truecount="0" falsecount="1"/>
        <line num="11" count="1" type="stmt"/>
        <line num="12" count="1" type="cond" truecount="1" falsecount="1"/>
        <line num="14" count="1" type="stmt"/>
        <line num="15" count="4" type="cond" truecount="4" falsecount="0"/>
        <line num="18" count="1" type="stmt"/>
      </file>
      <file name="email.ts" path="/Users/Topman/Documents/Projects/NodeJS/maskify/src/maskers/email.ts">
        <metrics statements="17" coveredstatements="16" conditionals="18" coveredconditionals="11" methods="1" coveredmethods="1"/>
        <line num="13" count="1" type="stmt"/>
        <line num="20" count="10" type="cond" truecount="3" falsecount="1"/>
        <line num="21" count="0" type="cond" truecount="0" falsecount="2"/>
        <line num="29" count="10" type="stmt"/>
        <line num="31" count="10" type="stmt"/>
        <line num="32" count="10" type="cond" truecount="2" falsecount="1"/>
        <line num="34" count="10" type="stmt"/>
        <line num="35" count="10" type="cond" truecount="1" falsecount="1"/>
        <line num="38" count="10" type="stmt"/>
        <line num="39" count="10" type="stmt"/>
        <line num="44" count="10" type="stmt"/>
        <line num="45" count="10" type="stmt"/>
        <line num="48" count="10" type="stmt"/>
        <line num="49" count="10" type="stmt"/>
        <line num="54" count="10" type="stmt"/>
        <line num="55" count="10" type="stmt"/>
        <line num="60" count="10" type="cond" truecount="1" falsecount="1"/>
      </file>
      <file name="generic.ts" path="/Users/Topman/Documents/Projects/NodeJS/maskify/src/maskers/generic.ts">
        <metrics statements="11" coveredstatements="9" conditionals="11" coveredconditionals="7" methods="1" coveredmethods="1"/>
        <line num="10" count="1" type="cond" truecount="0" falsecount="1"/>
        <line num="16" count="2" type="stmt"/>
        <line num="18" count="2" type="cond" truecount="2" falsecount="1"/>
        <line num="20" count="2" type="stmt"/>
        <line num="23" count="2" type="cond" truecount="0" falsecount="1"/>
        <line num="24" count="0" type="stmt"/>
        <line num="25" count="0" type="stmt"/>
        <line num="28" count="2" type="stmt"/>
        <line num="29" count="2" type="cond" truecount="1" falsecount="1"/>
        <line num="30" count="2" type="stmt"/>
        <line num="35" count="2" type="stmt"/>
      </file>
      <file name="index.ts" path="/Users/Topman/Documents/Projects/NodeJS/maskify/src/maskers/index.ts">
        <metrics statements="4" coveredstatements="4" conditionals="0" coveredconditionals="0" methods="0" coveredmethods="0"/>
        <line num="1" count="1" type="stmt"/>
        <line num="2" count="1" type="stmt"/>
        <line num="3" count="1" type="stmt"/>
        <line num="4" count="1" type="stmt"/>
      </file>
      <file name="phone.ts" path="/Users/Topman/Documents/Projects/NodeJS/maskify/src/maskers/phone.ts">
        <metrics statements="17" coveredstatements="14" conditionals="20" coveredconditionals="12" methods="1" coveredmethods="1"/>
        <line num="12" count="1" type="stmt"/>
        <line num="24" count="5" type="stmt"/>
        <line num="26" count="5" type="cond" truecount="0" falsecount="1"/>
        <line num="28" count="5" type="stmt"/>
        <line num="29" count="5" type="stmt"/>
        <line num="31" count="5" type="cond" truecount="0" falsecount="1"/>
        <line num="34" count="5" type="cond" truecount="4" falsecount="0"/>
        <line num="38" count="5" type="stmt"/>
        <line num="41" count="5" type="cond" truecount="0" falsecount="1"/>
        <line num="42" count="0" type="stmt"/>
        <line num="43" count="0" type="stmt"/>
        <line num="44" count="0" type="cond" truecount="0" falsecount="4"/>
        <line num="47" count="5" type="stmt"/>
        <line num="48" count="5" type="stmt"/>
        <line num="49" count="5" type="stmt"/>
        <line num="54" count="5" type="stmt"/>
        <line num="57" count="5" type="stmt"/>
      </file>
    </package>
    <package name="src.utils">
      <metrics statements="16" coveredstatements="14" conditionals="6" coveredconditionals="5" methods="5" coveredmethods="3"/>
      <file name="clone.ts" path="/Users/Topman/Documents/Projects/NodeJS/maskify/src/utils/clone.ts">
        <metrics statements="9" coveredstatements="9" conditionals="6" coveredconditionals="5" methods="2" coveredmethods="2"/>
        <line num="1" count="1" type="cond" truecount="1" falsecount="0"/>
        <line num="2" count="82" type="cond" truecount="3" falsecount="0"/>
        <line num="3" count="39" type="cond" truecount="0" falsecount="1"/>
        <line num="4" count="39" type="stmt"/>
        <line num="6" count="39" type="cond" truecount="1" falsecount="0"/>
        <line num="8" count="31" type="stmt"/>
        <line num="9" count="31" type="stmt"/>
        <line num="10" count="61" type="stmt"/>
        <line num="12" count="31" type="stmt"/>
      </file>
      <file name="detectors.ts" path="/Users/Topman/Documents/Projects/NodeJS/maskify/src/utils/detectors.ts">
        <metrics statements="4" coveredstatements="2" conditionals="0" coveredconditionals="0" methods="3" coveredmethods="1"/>
        <line num="1" count="1" type="stmt"/>
        <line num="2" count="1" type="stmt"/>
        <line num="3" count="0" type="stmt"/>
        <line num="4" count="0" type="stmt"/>
      </file>
      <file name="index.ts" path="/Users/Topman/Documents/Projects/NodeJS/maskify/src/utils/index.ts">
        <metrics statements="3" coveredstatements="3" conditionals="0" coveredconditionals="0" methods="0" coveredmethods="0"/>
        <line num="1" count="1" type="stmt"/>
        <line num="2" count="1" type="stmt"/>
        <line num="3" count="1" type="stmt"/>
      </file>
    </package>
  </project>
</coverage>
