{"/Users/Topman/Documents/Projects/NodeJS/maskify/dist/src/maskify.js": {"path":"/Users/Topman/Documents/Projects/NodeJS/maskify/dist/src/maskify.js","statementMap":{"0":{"start":{"line":2,"column":0},"end":{"line":2,"column":62}},"1":{"start":{"line":3,"column":0},"end":{"line":3,"column":25}},"2":{"start":{"line":4,"column":18},"end":{"line":4,"column":38}},"3":{"start":{"line":5,"column":16},"end":{"line":5,"column":34}},"4":{"start":{"line":8,"column":8},"end":{"line":9,"column":25}},"5":{"start":{"line":9,"column":12},"end":{"line":9,"column":25}},"6":{"start":{"line":10,"column":24},"end":{"line":10,"column":36}},"7":{"start":{"line":11,"column":44},"end":{"line":11,"column":48}},"8":{"start":{"line":12,"column":8},"end":{"line":13,"column":56}},"9":{"start":{"line":13,"column":12},"end":{"line":13,"column":56}},"10":{"start":{"line":14,"column":8},"end":{"line":21,"column":9}},"11":{"start":{"line":15,"column":12},"end":{"line":16,"column":63}},"12":{"start":{"line":16,"column":16},"end":{"line":16,"column":63}},"13":{"start":{"line":17,"column":12},"end":{"line":18,"column":63}},"14":{"start":{"line":18,"column":16},"end":{"line":18,"column":63}},"15":{"start":{"line":19,"column":12},"end":{"line":20,"column":62}},"16":{"start":{"line":20,"column":16},"end":{"line":20,"column":62}},"17":{"start":{"line":22,"column":8},"end":{"line":22,"column":57}},"18":{"start":{"line":25,"column":8},"end":{"line":34,"column":9}},"19":{"start":{"line":27,"column":16},"end":{"line":27,"column":61}},"20":{"start":{"line":29,"column":16},"end":{"line":29,"column":61}},"21":{"start":{"line":31,"column":16},"end":{"line":31,"column":60}},"22":{"start":{"line":33,"column":16},"end":{"line":33,"column":63}},"23":{"start":{"line":37,"column":22},"end":{"line":37,"column":50}},"24":{"start":{"line":39,"column":30},"end":{"line":43,"column":31}},"25":{"start":{"line":39,"column":40},"end":{"line":43,"column":31}},"26":{"start":{"line":44,"column":26},"end":{"line":81,"column":9}},"27":{"start":{"line":45,"column":35},"end":{"line":45,"column":54}},"28":{"start":{"line":46,"column":29},"end":{"line":46,"column":70}},"29":{"start":{"line":47,"column":28},"end":{"line":79,"column":13}},"30":{"start":{"line":48,"column":16},"end":{"line":49,"column":27}},"31":{"start":{"line":49,"column":20},"end":{"line":49,"column":27}},"32":{"start":{"line":50,"column":28},"end":{"line":50,"column":39}},"33":{"start":{"line":51,"column":31},"end":{"line":51,"column":56}},"34":{"start":{"line":53,"column":16},"end":{"line":59,"column":17}},"35":{"start":{"line":54,"column":20},"end":{"line":57,"column":21}},"36":{"start":{"line":55,"column":24},"end":{"line":56,"column":49}},"37":{"start":{"line":56,"column":28},"end":{"line":56,"column":49}},"38":{"start":{"line":58,"column":20},"end":{"line":58,"column":27}},"39":{"start":{"line":61,"column":16},"end":{"line":67,"column":17}},"40":{"start":{"line":62,"column":32},"end":{"line":62,"column":43}},"41":{"start":{"line":63,"column":20},"end":{"line":65,"column":21}},"42":{"start":{"line":64,"column":24},"end":{"line":64,"column":53}},"43":{"start":{"line":66,"column":20},"end":{"line":66,"column":27}},"44":{"start":{"line":69,"column":16},"end":{"line":70,"column":27}},"45":{"start":{"line":70,"column":20},"end":{"line":70,"column":27}},"46":{"start":{"line":71,"column":16},"end":{"line":78,"column":17}},"47":{"start":{"line":72,"column":20},"end":{"line":74,"column":21}},"48":{"start":{"line":73,"column":24},"end":{"line":73,"column":69}},"49":{"start":{"line":77,"column":20},"end":{"line":77,"column":49}},"50":{"start":{"line":80,"column":12},"end":{"line":80,"column":31}},"51":{"start":{"line":82,"column":8},"end":{"line":84,"column":9}},"52":{"start":{"line":83,"column":12},"end":{"line":83,"column":41}},"53":{"start":{"line":85,"column":8},"end":{"line":85,"column":21}},"54":{"start":{"line":88,"column":0},"end":{"line":88,"column":26}}},"fnMap":{"0":{"name":"(anonymous_0)","decl":{"start":{"line":7,"column":4},"end":{"line":7,"column":5}},"loc":{"start":{"line":7,"column":84},"end":{"line":23,"column":5}},"line":7},"1":{"name":"(anonymous_1)","decl":{"start":{"line":24,"column":4},"end":{"line":24,"column":5}},"loc":{"start":{"line":24,"column":41},"end":{"line":35,"column":5}},"line":24},"2":{"name":"(anonymous_2)","decl":{"start":{"line":36,"column":4},"end":{"line":36,"column":5}},"loc":{"start":{"line":36,"column":45},"end":{"line":86,"column":5}},"line":36},"3":{"name":"(anonymous_3)","decl":{"start":{"line":39,"column":30},"end":{"line":39,"column":31}},"loc":{"start":{"line":39,"column":40},"end":{"line":43,"column":31}},"line":39},"4":{"name":"(anonymous_4)","decl":{"start":{"line":44,"column":26},"end":{"line":44,"column":27}},"loc":{"start":{"line":44,"column":50},"end":{"line":81,"column":9}},"line":44},"5":{"name":"(anonymous_5)","decl":{"start":{"line":47,"column":28},"end":{"line":47,"column":29}},"loc":{"start":{"line":47,"column":44},"end":{"line":79,"column":13}},"line":47}},"branchMap":{"0":{"loc":{"start":{"line":7,"column":23},"end":{"line":7,"column":82}},"type":"default-arg","locations":[{"start":{"line":7,"column":30},"end":{"line":7,"column":82}}],"line":7},"1":{"loc":{"start":{"line":8,"column":8},"end":{"line":9,"column":25}},"type":"if","locations":[{"start":{"line":8,"column":8},"end":{"line":9,"column":25}},{"start":{},"end":{}}],"line":8},"2":{"loc":{"start":{"line":11,"column":16},"end":{"line":11,"column":33}},"type":"default-arg","locations":[{"start":{"line":11,"column":29},"end":{"line":11,"column":33}}],"line":11},"3":{"loc":{"start":{"line":12,"column":8},"end":{"line":13,"column":56}},"type":"if","locations":[{"start":{"line":12,"column":8},"end":{"line":13,"column":56}},{"start":{},"end":{}}],"line":12},"4":{"loc":{"start":{"line":14,"column":8},"end":{"line":21,"column":9}},"type":"if","locations":[{"start":{"line":14,"column":8},"end":{"line":21,"column":9}},{"start":{},"end":{}}],"line":14},"5":{"loc":{"start":{"line":15,"column":12},"end":{"line":16,"column":63}},"type":"if","locations":[{"start":{"line":15,"column":12},"end":{"line":16,"column":63}},{"start":{},"end":{}}],"line":15},"6":{"loc":{"start":{"line":17,"column":12},"end":{"line":18,"column":63}},"type":"if","locations":[{"start":{"line":17,"column":12},"end":{"line":18,"column":63}},{"start":{},"end":{}}],"line":17},"7":{"loc":{"start":{"line":19,"column":12},"end":{"line":20,"column":62}},"type":"if","locations":[{"start":{"line":19,"column":12},"end":{"line":20,"column":62}},{"start":{},"end":{}}],"line":19},"8":{"loc":{"start":{"line":25,"column":8},"end":{"line":34,"column":9}},"type":"switch","locations":[{"start":{"line":26,"column":12},"end":{"line":27,"column":61}},{"start":{"line":28,"column":12},"end":{"line":29,"column":61}},{"start":{"line":30,"column":12},"end":{"line":31,"column":60}},{"start":{"line":32,"column":12},"end":{"line":33,"column":63}}],"line":25},"9":{"loc":{"start":{"line":48,"column":16},"end":{"line":49,"column":27}},"type":"if","locations":[{"start":{"line":48,"column":16},"end":{"line":49,"column":27}},{"start":{},"end":{}}],"line":48},"10":{"loc":{"start":{"line":53,"column":16},"end":{"line":59,"column":17}},"type":"if","locations":[{"start":{"line":53,"column":16},"end":{"line":59,"column":17}},{"start":{},"end":{}}],"line":53},"11":{"loc":{"start":{"line":54,"column":20},"end":{"line":57,"column":21}},"type":"if","locations":[{"start":{"line":54,"column":20},"end":{"line":57,"column":21}},{"start":{},"end":{}}],"line":54},"12":{"loc":{"start":{"line":61,"column":16},"end":{"line":67,"column":17}},"type":"if","locations":[{"start":{"line":61,"column":16},"end":{"line":67,"column":17}},{"start":{},"end":{}}],"line":61},"13":{"loc":{"start":{"line":63,"column":20},"end":{"line":65,"column":21}},"type":"if","locations":[{"start":{"line":63,"column":20},"end":{"line":65,"column":21}},{"start":{},"end":{}}],"line":63},"14":{"loc":{"start":{"line":63,"column":24},"end":{"line":63,"column":70}},"type":"binary-expr","locations":[{"start":{"line":63,"column":24},"end":{"line":63,"column":46}},{"start":{"line":63,"column":50},"end":{"line":63,"column":70}}],"line":63},"15":{"loc":{"start":{"line":69,"column":16},"end":{"line":70,"column":27}},"type":"if","locations":[{"start":{"line":69,"column":16},"end":{"line":70,"column":27}},{"start":{},"end":{}}],"line":69},"16":{"loc":{"start":{"line":71,"column":16},"end":{"line":78,"column":17}},"type":"if","locations":[{"start":{"line":71,"column":16},"end":{"line":78,"column":17}},{"start":{"line":76,"column":21},"end":{"line":78,"column":17}}],"line":71},"17":{"loc":{"start":{"line":72,"column":20},"end":{"line":74,"column":21}},"type":"if","locations":[{"start":{"line":72,"column":20},"end":{"line":74,"column":21}},{"start":{},"end":{}}],"line":72}},"s":{"0":1,"1":1,"2":1,"3":1,"4":20,"5":2,"6":18,"7":18,"8":18,"9":17,"10":1,"11":1,"12":1,"13":0,"14":0,"15":0,"16":0,"17":0,"18":17,"19":9,"20":5,"21":1,"22":2,"23":6,"24":6,"25":9,"26":6,"27":9,"28":9,"29":9,"30":29,"31":0,"32":29,"33":29,"34":29,"35":5,"36":5,"37":9,"38":5,"39":24,"40":0,"41":0,"42":0,"43":0,"44":24,"45":1,"46":23,"47":12,"48":12,"49":11,"50":9,"51":6,"52":9,"53":6,"54":1},"f":{"0":20,"1":17,"2":6,"3":9,"4":9,"5":29},"b":{"0":[2],"1":[2,18],"2":[17],"3":[17,1],"4":[1,0],"5":[1,0],"6":[0,0],"7":[0,0],"8":[9,5,1,2],"9":[0,29],"10":[5,24],"11":[5,0],"12":[0,24],"13":[0,0],"14":[0,0],"15":[1,23],"16":[12,11],"17":[12,0]},"inputSourceMap":null,"_coverageSchema":"1a1c01bbd47fc00a2c39e90264f33305004495a9","hash":"2aeb89ae5d88267fe05db1c5b3e98f5d2392fdec"}
,"/Users/Topman/Documents/Projects/NodeJS/maskify/dist/src/maskers/card.js": {"path":"/Users/Topman/Documents/Projects/NodeJS/maskify/dist/src/maskers/card.js","statementMap":{"0":{"start":{"line":2,"column":0},"end":{"line":2,"column":62}},"1":{"start":{"line":3,"column":0},"end":{"line":3,"column":28}},"2":{"start":{"line":5,"column":49},"end":{"line":5,"column":56}},"3":{"start":{"line":6,"column":4},"end":{"line":7,"column":18}},"4":{"start":{"line":7,"column":8},"end":{"line":7,"column":18}},"5":{"start":{"line":8,"column":23},"end":{"line":8,"column":46}},"6":{"start":{"line":9,"column":19},"end":{"line":9,"column":52}},"7":{"start":{"line":10,"column":25},"end":{"line":10,"column":125}},"8":{"start":{"line":10,"column":50},"end":{"line":10,"column":124}},"9":{"start":{"line":11,"column":4},"end":{"line":11,"column":34}}},"fnMap":{"0":{"name":"maskCard","decl":{"start":{"line":4,"column":9},"end":{"line":4,"column":17}},"loc":{"start":{"line":4,"column":33},"end":{"line":12,"column":1}},"line":4},"1":{"name":"(anonymous_1)","decl":{"start":{"line":10,"column":36},"end":{"line":10,"column":37}},"loc":{"start":{"line":10,"column":50},"end":{"line":10,"column":124}},"line":10}},"branchMap":{"0":{"loc":{"start":{"line":5,"column":12},"end":{"line":5,"column":28}},"type":"default-arg","locations":[{"start":{"line":5,"column":27},"end":{"line":5,"column":28}}],"line":5},"1":{"loc":{"start":{"line":5,"column":30},"end":{"line":5,"column":44}},"type":"default-arg","locations":[{"start":{"line":5,"column":41},"end":{"line":5,"column":44}}],"line":5},"2":{"loc":{"start":{"line":6,"column":4},"end":{"line":7,"column":18}},"type":"if","locations":[{"start":{"line":6,"column":4},"end":{"line":7,"column":18}},{"start":{},"end":{}}],"line":6},"3":{"loc":{"start":{"line":9,"column":19},"end":{"line":9,"column":52}},"type":"binary-expr","locations":[{"start":{"line":9,"column":19},"end":{"line":9,"column":46}},{"start":{"line":9,"column":50},"end":{"line":9,"column":52}}],"line":9},"4":{"loc":{"start":{"line":10,"column":50},"end":{"line":10,"column":124}},"type":"cond-expr","locations":[{"start":{"line":10,"column":87},"end":{"line":10,"column":92}},{"start":{"line":10,"column":95},"end":{"line":10,"column":124}}],"line":10},"5":{"loc":{"start":{"line":10,"column":50},"end":{"line":10,"column":84}},"type":"binary-expr","locations":[{"start":{"line":10,"column":50},"end":{"line":10,"column":57}},{"start":{"line":10,"column":61},"end":{"line":10,"column":84}}],"line":10}},"s":{"0":1,"1":1,"2":1,"3":1,"4":0,"5":1,"6":1,"7":1,"8":4,"9":1},"f":{"0":1,"1":4},"b":{"0":[1],"1":[1],"2":[0,1],"3":[1,0],"4":[2,2],"5":[4,3]},"inputSourceMap":null,"_coverageSchema":"1a1c01bbd47fc00a2c39e90264f33305004495a9","hash":"aedbb8bb357ac34ce1c8b2cfb6a4e2874db5a9b1"}
,"/Users/Topman/Documents/Projects/NodeJS/maskify/dist/src/maskers/email.js": {"path":"/Users/Topman/Documents/Projects/NodeJS/maskify/dist/src/maskers/email.js","statementMap":{"0":{"start":{"line":2,"column":0},"end":{"line":2,"column":62}},"1":{"start":{"line":3,"column":0},"end":{"line":3,"column":30}},"2":{"start":{"line":15,"column":4},"end":{"line":17,"column":5}},"3":{"start":{"line":16,"column":8},"end":{"line":16,"column":27}},"4":{"start":{"line":18,"column":84},"end":{"line":18,"column":91}},"5":{"start":{"line":19,"column":36},"end":{"line":19,"column":52}},"6":{"start":{"line":20,"column":4},"end":{"line":21,"column":21}},"7":{"start":{"line":21,"column":8},"end":{"line":21,"column":21}},"8":{"start":{"line":22,"column":34},"end":{"line":22,"column":55}},"9":{"start":{"line":23,"column":22},"end":{"line":23,"column":42}},"10":{"start":{"line":25,"column":29},"end":{"line":25,"column":73}},"11":{"start":{"line":26,"column":29},"end":{"line":26,"column":101}},"12":{"start":{"line":27,"column":18},"end":{"line":27,"column":54}},"13":{"start":{"line":28,"column":24},"end":{"line":28,"column":70}},"14":{"start":{"line":30,"column":27},"end":{"line":30,"column":70}},"15":{"start":{"line":31,"column":30},"end":{"line":31,"column":90}},"16":{"start":{"line":32,"column":31},"end":{"line":32,"column":66}},"17":{"start":{"line":33,"column":25},"end":{"line":33,"column":85}},"18":{"start":{"line":35,"column":4},"end":{"line":35,"column":79}}},"fnMap":{"0":{"name":"maskEmail","decl":{"start":{"line":14,"column":9},"end":{"line":14,"column":18}},"loc":{"start":{"line":14,"column":40},"end":{"line":36,"column":1}},"line":14}},"branchMap":{"0":{"loc":{"start":{"line":14,"column":26},"end":{"line":14,"column":38}},"type":"default-arg","locations":[{"start":{"line":14,"column":36},"end":{"line":14,"column":38}}],"line":14},"1":{"loc":{"start":{"line":15,"column":4},"end":{"line":17,"column":5}},"type":"if","locations":[{"start":{"line":15,"column":4},"end":{"line":17,"column":5}},{"start":{},"end":{}}],"line":15},"2":{"loc":{"start":{"line":15,"column":8},"end":{"line":15,"column":67}},"type":"binary-expr","locations":[{"start":{"line":15,"column":8},"end":{"line":15,"column":14}},{"start":{"line":15,"column":18},"end":{"line":15,"column":43}},{"start":{"line":15,"column":47},"end":{"line":15,"column":67}}],"line":15},"3":{"loc":{"start":{"line":16,"column":15},"end":{"line":16,"column":26}},"type":"binary-expr","locations":[{"start":{"line":16,"column":15},"end":{"line":16,"column":20}},{"start":{"line":16,"column":24},"end":{"line":16,"column":26}}],"line":16},"4":{"loc":{"start":{"line":18,"column":12},"end":{"line":18,"column":28}},"type":"default-arg","locations":[{"start":{"line":18,"column":27},"end":{"line":18,"column":28}}],"line":18},"5":{"loc":{"start":{"line":18,"column":30},"end":{"line":18,"column":46}},"type":"default-arg","locations":[{"start":{"line":18,"column":45},"end":{"line":18,"column":46}}],"line":18},"6":{"loc":{"start":{"line":18,"column":48},"end":{"line":18,"column":62}},"type":"default-arg","locations":[{"start":{"line":18,"column":61},"end":{"line":18,"column":62}}],"line":18},"7":{"loc":{"start":{"line":18,"column":64},"end":{"line":18,"column":78}},"type":"default-arg","locations":[{"start":{"line":18,"column":75},"end":{"line":18,"column":78}}],"line":18},"8":{"loc":{"start":{"line":20,"column":4},"end":{"line":21,"column":21}},"type":"if","locations":[{"start":{"line":20,"column":4},"end":{"line":21,"column":21}},{"start":{},"end":{}}],"line":20},"9":{"loc":{"start":{"line":20,"column":8},"end":{"line":20,"column":33}},"type":"binary-expr","locations":[{"start":{"line":20,"column":8},"end":{"line":20,"column":18}},{"start":{"line":20,"column":22},"end":{"line":20,"column":33}}],"line":20},"10":{"loc":{"start":{"line":23,"column":22},"end":{"line":23,"column":42}},"type":"binary-expr","locations":[{"start":{"line":23,"column":22},"end":{"line":23,"column":36}},{"start":{"line":23,"column":40},"end":{"line":23,"column":42}}],"line":23},"11":{"loc":{"start":{"line":35,"column":44},"end":{"line":35,"column":76}},"type":"cond-expr","locations":[{"start":{"line":35,"column":56},"end":{"line":35,"column":71}},{"start":{"line":35,"column":74},"end":{"line":35,"column":76}}],"line":35}},"s":{"0":1,"1":1,"2":10,"3":0,"4":10,"5":10,"6":10,"7":0,"8":10,"9":10,"10":10,"11":10,"12":10,"13":10,"14":10,"15":10,"16":10,"17":10,"18":10},"f":{"0":10},"b":{"0":[0],"1":[0,10],"2":[10,10,10],"3":[0,0],"4":[10],"5":[9],"6":[9],"7":[10],"8":[0,10],"9":[10,10],"10":[10,0],"11":[10,0]},"inputSourceMap":null,"_coverageSchema":"1a1c01bbd47fc00a2c39e90264f33305004495a9","hash":"b77f98baeea8fb2f205ce0192577d7f92c1102c1"}
,"/Users/Topman/Documents/Projects/NodeJS/maskify/dist/src/maskers/generic.js": {"path":"/Users/Topman/Documents/Projects/NodeJS/maskify/dist/src/maskers/generic.js","statementMap":{"0":{"start":{"line":2,"column":0},"end":{"line":2,"column":62}},"1":{"start":{"line":3,"column":0},"end":{"line":3,"column":34}},"2":{"start":{"line":12,"column":84},"end":{"line":12,"column":91}},"3":{"start":{"line":13,"column":4},"end":{"line":14,"column":18}},"4":{"start":{"line":14,"column":8},"end":{"line":14,"column":18}},"5":{"start":{"line":15,"column":16},"end":{"line":15,"column":28}},"6":{"start":{"line":17,"column":4},"end":{"line":20,"column":5}},"7":{"start":{"line":18,"column":26},"end":{"line":18,"column":57}},"8":{"start":{"line":19,"column":8},"end":{"line":19,"column":53}},"9":{"start":{"line":21,"column":18},"end":{"line":21,"column":46}},"10":{"start":{"line":22,"column":16},"end":{"line":22,"column":62}},"11":{"start":{"line":23,"column":22},"end":{"line":23,"column":90}},"12":{"start":{"line":24,"column":4},"end":{"line":24,"column":57}}},"fnMap":{"0":{"name":"maskGeneric","decl":{"start":{"line":11,"column":9},"end":{"line":11,"column":20}},"loc":{"start":{"line":11,"column":42},"end":{"line":25,"column":1}},"line":11}},"branchMap":{"0":{"loc":{"start":{"line":11,"column":28},"end":{"line":11,"column":40}},"type":"default-arg","locations":[{"start":{"line":11,"column":38},"end":{"line":11,"column":40}}],"line":11},"1":{"loc":{"start":{"line":12,"column":12},"end":{"line":12,"column":28}},"type":"default-arg","locations":[{"start":{"line":12,"column":27},"end":{"line":12,"column":28}}],"line":12},"2":{"loc":{"start":{"line":12,"column":30},"end":{"line":12,"column":44}},"type":"default-arg","locations":[{"start":{"line":12,"column":43},"end":{"line":12,"column":44}}],"line":12},"3":{"loc":{"start":{"line":12,"column":46},"end":{"line":12,"column":62}},"type":"default-arg","locations":[{"start":{"line":12,"column":61},"end":{"line":12,"column":62}}],"line":12},"4":{"loc":{"start":{"line":12,"column":64},"end":{"line":12,"column":78}},"type":"default-arg","locations":[{"start":{"line":12,"column":75},"end":{"line":12,"column":78}}],"line":12},"5":{"loc":{"start":{"line":13,"column":4},"end":{"line":14,"column":18}},"type":"if","locations":[{"start":{"line":13,"column":4},"end":{"line":14,"column":18}},{"start":{},"end":{}}],"line":13},"6":{"loc":{"start":{"line":13,"column":8},"end":{"line":13,"column":43}},"type":"binary-expr","locations":[{"start":{"line":13,"column":8},"end":{"line":13,"column":14}},{"start":{"line":13,"column":18},"end":{"line":13,"column":43}}],"line":13},"7":{"loc":{"start":{"line":17,"column":4},"end":{"line":20,"column":5}},"type":"if","locations":[{"start":{"line":17,"column":4},"end":{"line":20,"column":5}},{"start":{},"end":{}}],"line":17},"8":{"loc":{"start":{"line":22,"column":16},"end":{"line":22,"column":62}},"type":"cond-expr","locations":[{"start":{"line":22,"column":33},"end":{"line":22,"column":57}},{"start":{"line":22,"column":60},"end":{"line":22,"column":62}}],"line":22}},"s":{"0":1,"1":1,"2":2,"3":2,"4":0,"5":2,"6":2,"7":0,"8":0,"9":2,"10":2,"11":2,"12":2},"f":{"0":2},"b":{"0":[0],"1":[2],"2":[2],"3":[2],"4":[2],"5":[0,2],"6":[2,2],"7":[0,2],"8":[0,2]},"inputSourceMap":null,"_coverageSchema":"1a1c01bbd47fc00a2c39e90264f33305004495a9","hash":"a7c10533e3e77c5c2b9a3efc5ab09157393c8bd6"}
,"/Users/Topman/Documents/Projects/NodeJS/maskify/dist/src/maskers/index.js": {"path":"/Users/Topman/Documents/Projects/NodeJS/maskify/dist/src/maskers/index.js","statementMap":{"0":{"start":{"line":2,"column":22},"end":{"line":12,"column":3}},"1":{"start":{"line":3,"column":4},"end":{"line":3,"column":33}},"2":{"start":{"line":3,"column":26},"end":{"line":3,"column":33}},"3":{"start":{"line":4,"column":15},"end":{"line":4,"column":52}},"4":{"start":{"line":5,"column":4},"end":{"line":7,"column":5}},"5":{"start":{"line":6,"column":6},"end":{"line":6,"column":68}},"6":{"start":{"line":6,"column":51},"end":{"line":6,"column":63}},"7":{"start":{"line":8,"column":4},"end":{"line":8,"column":39}},"8":{"start":{"line":10,"column":4},"end":{"line":10,"column":33}},"9":{"start":{"line":10,"column":26},"end":{"line":10,"column":33}},"10":{"start":{"line":11,"column":4},"end":{"line":11,"column":17}},"11":{"start":{"line":13,"column":19},"end":{"line":15,"column":1}},"12":{"start":{"line":14,"column":4},"end":{"line":14,"column":126}},"13":{"start":{"line":14,"column":21},"end":{"line":14,"column":126}},"14":{"start":{"line":14,"column":95},"end":{"line":14,"column":126}},"15":{"start":{"line":16,"column":0},"end":{"line":16,"column":62}},"16":{"start":{"line":17,"column":0},"end":{"line":17,"column":41}},"17":{"start":{"line":18,"column":0},"end":{"line":18,"column":42}},"18":{"start":{"line":19,"column":0},"end":{"line":19,"column":44}},"19":{"start":{"line":20,"column":0},"end":{"line":20,"column":42}}},"fnMap":{"0":{"name":"(anonymous_0)","decl":{"start":{"line":2,"column":74},"end":{"line":2,"column":75}},"loc":{"start":{"line":2,"column":96},"end":{"line":9,"column":1}},"line":2},"1":{"name":"(anonymous_1)","decl":{"start":{"line":6,"column":38},"end":{"line":6,"column":39}},"loc":{"start":{"line":6,"column":49},"end":{"line":6,"column":65}},"line":6},"2":{"name":"(anonymous_2)","decl":{"start":{"line":9,"column":6},"end":{"line":9,"column":7}},"loc":{"start":{"line":9,"column":28},"end":{"line":12,"column":1}},"line":9},"3":{"name":"(anonymous_3)","decl":{"start":{"line":13,"column":50},"end":{"line":13,"column":51}},"loc":{"start":{"line":13,"column":71},"end":{"line":15,"column":1}},"line":13}},"branchMap":{"0":{"loc":{"start":{"line":2,"column":22},"end":{"line":12,"column":3}},"type":"binary-expr","locations":[{"start":{"line":2,"column":23},"end":{"line":2,"column":27}},{"start":{"line":2,"column":31},"end":{"line":2,"column":51}},{"start":{"line":2,"column":57},"end":{"line":12,"column":2}}],"line":2},"1":{"loc":{"start":{"line":2,"column":57},"end":{"line":12,"column":2}},"type":"cond-expr","locations":[{"start":{"line":2,"column":74},"end":{"line":9,"column":1}},{"start":{"line":9,"column":6},"end":{"line":12,"column":1}}],"line":2},"2":{"loc":{"start":{"line":3,"column":4},"end":{"line":3,"column":33}},"type":"if","locations":[{"start":{"line":3,"column":4},"end":{"line":3,"column":33}},{"start":{},"end":{}}],"line":3},"3":{"loc":{"start":{"line":5,"column":4},"end":{"line":7,"column":5}},"type":"if","locations":[{"start":{"line":5,"column":4},"end":{"line":7,"column":5}},{"start":{},"end":{}}],"line":5},"4":{"loc":{"start":{"line":5,"column":8},"end":{"line":5,"column":85}},"type":"binary-expr","locations":[{"start":{"line":5,"column":8},"end":{"line":5,"column":13}},{"start":{"line":5,"column":18},"end":{"line":5,"column":84}}],"line":5},"5":{"loc":{"start":{"line":5,"column":18},"end":{"line":5,"column":84}},"type":"cond-expr","locations":[{"start":{"line":5,"column":34},"end":{"line":5,"column":47}},{"start":{"line":5,"column":50},"end":{"line":5,"column":84}}],"line":5},"6":{"loc":{"start":{"line":5,"column":50},"end":{"line":5,"column":84}},"type":"binary-expr","locations":[{"start":{"line":5,"column":50},"end":{"line":5,"column":63}},{"start":{"line":5,"column":67},"end":{"line":5,"column":84}}],"line":5},"7":{"loc":{"start":{"line":10,"column":4},"end":{"line":10,"column":33}},"type":"if","locations":[{"start":{"line":10,"column":4},"end":{"line":10,"column":33}},{"start":{},"end":{}}],"line":10},"8":{"loc":{"start":{"line":13,"column":19},"end":{"line":15,"column":1}},"type":"binary-expr","locations":[{"start":{"line":13,"column":20},"end":{"line":13,"column":24}},{"start":{"line":13,"column":28},"end":{"line":13,"column":45}},{"start":{"line":13,"column":50},"end":{"line":15,"column":1}}],"line":13},"9":{"loc":{"start":{"line":14,"column":21},"end":{"line":14,"column":126}},"type":"if","locations":[{"start":{"line":14,"column":21},"end":{"line":14,"column":126}},{"start":{},"end":{}}],"line":14},"10":{"loc":{"start":{"line":14,"column":25},"end":{"line":14,"column":93}},"type":"binary-expr","locations":[{"start":{"line":14,"column":25},"end":{"line":14,"column":40}},{"start":{"line":14,"column":44},"end":{"line":14,"column":93}}],"line":14}},"s":{"0":1,"1":4,"2":4,"3":4,"4":4,"5":4,"6":18,"7":4,"8":0,"9":0,"10":0,"11":1,"12":4,"13":4,"14":4,"15":1,"16":1,"17":1,"18":1,"19":1},"f":{"0":4,"1":18,"2":0,"3":4},"b":{"0":[1,1,1],"1":[1,0],"2":[4,0],"3":[4,0],"4":[4,4],"5":[0,4],"6":[4,0],"7":[0,0],"8":[1,1,1],"9":[4,0],"10":[4,4]},"inputSourceMap":null,"_coverageSchema":"1a1c01bbd47fc00a2c39e90264f33305004495a9","hash":"1a9cead7f5ebfd9285c5856e4c4ad940a0195450"}
,"/Users/Topman/Documents/Projects/NodeJS/maskify/dist/src/maskers/phone.js": {"path":"/Users/Topman/Documents/Projects/NodeJS/maskify/dist/src/maskers/phone.js","statementMap":{"0":{"start":{"line":2,"column":0},"end":{"line":2,"column":62}},"1":{"start":{"line":3,"column":0},"end":{"line":3,"column":30}},"2":{"start":{"line":14,"column":84},"end":{"line":14,"column":91}},"3":{"start":{"line":15,"column":4},"end":{"line":16,"column":18}},"4":{"start":{"line":16,"column":8},"end":{"line":16,"column":18}},"5":{"start":{"line":17,"column":20},"end":{"line":17,"column":41}},"6":{"start":{"line":18,"column":23},"end":{"line":18,"column":47}},"7":{"start":{"line":19,"column":4},"end":{"line":20,"column":21}},"8":{"start":{"line":20,"column":8},"end":{"line":20,"column":21}},"9":{"start":{"line":21,"column":22},"end":{"line":23,"column":51}},"10":{"start":{"line":24,"column":16},"end":{"line":24,"column":32}},"11":{"start":{"line":26,"column":4},"end":{"line":30,"column":5}},"12":{"start":{"line":27,"column":22},"end":{"line":27,"column":43}},"13":{"start":{"line":28,"column":23},"end":{"line":28,"column":71}},"14":{"start":{"line":29,"column":8},"end":{"line":29,"column":76}},"15":{"start":{"line":31,"column":18},"end":{"line":31,"column":50}},"16":{"start":{"line":32,"column":16},"end":{"line":32,"column":44}},"17":{"start":{"line":33,"column":22},"end":{"line":33,"column":90}},"18":{"start":{"line":34,"column":25},"end":{"line":34,"column":51}},"19":{"start":{"line":36,"column":4},"end":{"line":36,"column":84}}},"fnMap":{"0":{"name":"maskPhone","decl":{"start":{"line":13,"column":9},"end":{"line":13,"column":18}},"loc":{"start":{"line":13,"column":40},"end":{"line":37,"column":1}},"line":13}},"branchMap":{"0":{"loc":{"start":{"line":13,"column":26},"end":{"line":13,"column":38}},"type":"default-arg","locations":[{"start":{"line":13,"column":36},"end":{"line":13,"column":38}}],"line":13},"1":{"loc":{"start":{"line":14,"column":12},"end":{"line":14,"column":28}},"type":"default-arg","locations":[{"start":{"line":14,"column":27},"end":{"line":14,"column":28}}],"line":14},"2":{"loc":{"start":{"line":14,"column":30},"end":{"line":14,"column":44}},"type":"default-arg","locations":[{"start":{"line":14,"column":41},"end":{"line":14,"column":44}}],"line":14},"3":{"loc":{"start":{"line":14,"column":46},"end":{"line":14,"column":62}},"type":"default-arg","locations":[{"start":{"line":14,"column":61},"end":{"line":14,"column":62}}],"line":14},"4":{"loc":{"start":{"line":14,"column":64},"end":{"line":14,"column":78}},"type":"default-arg","locations":[{"start":{"line":14,"column":77},"end":{"line":14,"column":78}}],"line":14},"5":{"loc":{"start":{"line":15,"column":4},"end":{"line":16,"column":18}},"type":"if","locations":[{"start":{"line":15,"column":4},"end":{"line":16,"column":18}},{"start":{},"end":{}}],"line":15},"6":{"loc":{"start":{"line":19,"column":4},"end":{"line":20,"column":21}},"type":"if","locations":[{"start":{"line":19,"column":4},"end":{"line":20,"column":21}},{"start":{},"end":{}}],"line":19},"7":{"loc":{"start":{"line":21,"column":22},"end":{"line":23,"column":51}},"type":"cond-expr","locations":[{"start":{"line":22,"column":10},"end":{"line":22,"column":20}},{"start":{"line":23,"column":10},"end":{"line":23,"column":51}}],"line":21},"8":{"loc":{"start":{"line":21,"column":22},"end":{"line":21,"column":49}},"type":"binary-expr","locations":[{"start":{"line":21,"column":22},"end":{"line":21,"column":29}},{"start":{"line":21,"column":33},"end":{"line":21,"column":49}}],"line":21},"9":{"loc":{"start":{"line":26,"column":4},"end":{"line":30,"column":5}},"type":"if","locations":[{"start":{"line":26,"column":4},"end":{"line":30,"column":5}},{"start":{},"end":{}}],"line":26},"10":{"loc":{"start":{"line":29,"column":18},"end":{"line":29,"column":56}},"type":"cond-expr","locations":[{"start":{"line":29,"column":48},"end":{"line":29,"column":51}},{"start":{"line":29,"column":54},"end":{"line":29,"column":56}}],"line":29},"11":{"loc":{"start":{"line":29,"column":18},"end":{"line":29,"column":45}},"type":"binary-expr","locations":[{"start":{"line":29,"column":18},"end":{"line":29,"column":34}},{"start":{"line":29,"column":38},"end":{"line":29,"column":45}}],"line":29},"12":{"loc":{"start":{"line":36,"column":14},"end":{"line":36,"column":52}},"type":"cond-expr","locations":[{"start":{"line":36,"column":44},"end":{"line":36,"column":47}},{"start":{"line":36,"column":50},"end":{"line":36,"column":52}}],"line":36},"13":{"loc":{"start":{"line":36,"column":14},"end":{"line":36,"column":41}},"type":"binary-expr","locations":[{"start":{"line":36,"column":14},"end":{"line":36,"column":30}},{"start":{"line":36,"column":34},"end":{"line":36,"column":41}}],"line":36}},"s":{"0":1,"1":1,"2":5,"3":5,"4":0,"5":5,"6":5,"7":5,"8":0,"9":5,"10":5,"11":5,"12":0,"13":0,"14":0,"15":5,"16":5,"17":5,"18":5,"19":5},"f":{"0":5},"b":{"0":[0],"1":[5],"2":[4],"3":[5],"4":[5],"5":[0,5],"6":[0,5],"7":[2,3],"8":[5,2],"9":[0,5],"10":[0,0],"11":[0,0],"12":[2,3],"13":[5,5]},"inputSourceMap":null,"_coverageSchema":"1a1c01bbd47fc00a2c39e90264f33305004495a9","hash":"770e4ad7dcd94ad88f884a3a4ac1c298f48c240b"}
,"/Users/Topman/Documents/Projects/NodeJS/maskify/dist/src/utils/clone.js": {"path":"/Users/Topman/Documents/Projects/NodeJS/maskify/dist/src/utils/clone.js","statementMap":{"0":{"start":{"line":2,"column":0},"end":{"line":2,"column":62}},"1":{"start":{"line":3,"column":0},"end":{"line":3,"column":30}},"2":{"start":{"line":5,"column":4},"end":{"line":6,"column":19}},"3":{"start":{"line":6,"column":8},"end":{"line":6,"column":19}},"4":{"start":{"line":7,"column":4},"end":{"line":8,"column":19}},"5":{"start":{"line":8,"column":8},"end":{"line":8,"column":19}},"6":{"start":{"line":9,"column":4},"end":{"line":9,"column":18}},"7":{"start":{"line":10,"column":4},"end":{"line":11,"column":50}},"8":{"start":{"line":11,"column":8},"end":{"line":11,"column":50}},"9":{"start":{"line":11,"column":30},"end":{"line":11,"column":48}},"10":{"start":{"line":12,"column":18},"end":{"line":12,"column":20}},"11":{"start":{"line":13,"column":4},"end":{"line":15,"column":5}},"12":{"start":{"line":14,"column":8},"end":{"line":14,"column":47}},"13":{"start":{"line":16,"column":4},"end":{"line":16,"column":17}}},"fnMap":{"0":{"name":"safeClone","decl":{"start":{"line":4,"column":9},"end":{"line":4,"column":18}},"loc":{"start":{"line":4,"column":46},"end":{"line":17,"column":1}},"line":4},"1":{"name":"(anonymous_1)","decl":{"start":{"line":11,"column":23},"end":{"line":11,"column":24}},"loc":{"start":{"line":11,"column":30},"end":{"line":11,"column":48}},"line":11}},"branchMap":{"0":{"loc":{"start":{"line":4,"column":24},"end":{"line":4,"column":44}},"type":"default-arg","locations":[{"start":{"line":4,"column":31},"end":{"line":4,"column":44}}],"line":4},"1":{"loc":{"start":{"line":5,"column":4},"end":{"line":6,"column":19}},"type":"if","locations":[{"start":{"line":5,"column":4},"end":{"line":6,"column":19}},{"start":{},"end":{}}],"line":5},"2":{"loc":{"start":{"line":5,"column":8},"end":{"line":5,"column":47}},"type":"binary-expr","locations":[{"start":{"line":5,"column":8},"end":{"line":5,"column":20}},{"start":{"line":5,"column":24},"end":{"line":5,"column":47}}],"line":5},"3":{"loc":{"start":{"line":7,"column":4},"end":{"line":8,"column":19}},"type":"if","locations":[{"start":{"line":7,"column":4},"end":{"line":8,"column":19}},{"start":{},"end":{}}],"line":7},"4":{"loc":{"start":{"line":10,"column":4},"end":{"line":11,"column":50}},"type":"if","locations":[{"start":{"line":10,"column":4},"end":{"line":11,"column":50}},{"start":{},"end":{}}],"line":10}},"s":{"0":1,"1":1,"2":82,"3":43,"4":39,"5":0,"6":39,"7":39,"8":8,"9":15,"10":31,"11":31,"12":61,"13":31},"f":{"0":82,"1":15},"b":{"0":[6],"1":[43,39],"2":[82,82],"3":[0,39],"4":[8,31]},"inputSourceMap":null,"_coverageSchema":"1a1c01bbd47fc00a2c39e90264f33305004495a9","hash":"145ab73fab1136adc3b06dc6f4a3c2ea77612258"}
,"/Users/Topman/Documents/Projects/NodeJS/maskify/dist/src/utils/detectors.js": {"path":"/Users/Topman/Documents/Projects/NodeJS/maskify/dist/src/utils/detectors.js","statementMap":{"0":{"start":{"line":2,"column":0},"end":{"line":2,"column":62}},"1":{"start":{"line":3,"column":0},"end":{"line":3,"column":27}},"2":{"start":{"line":4,"column":0},"end":{"line":8,"column":2}},"3":{"start":{"line":5,"column":20},"end":{"line":5,"column":56}},"4":{"start":{"line":6,"column":20},"end":{"line":6,"column":43}},"5":{"start":{"line":7,"column":19},"end":{"line":7,"column":60}}},"fnMap":{"0":{"name":"(anonymous_0)","decl":{"start":{"line":5,"column":13},"end":{"line":5,"column":14}},"loc":{"start":{"line":5,"column":20},"end":{"line":5,"column":56}},"line":5},"1":{"name":"(anonymous_1)","decl":{"start":{"line":6,"column":13},"end":{"line":6,"column":14}},"loc":{"start":{"line":6,"column":20},"end":{"line":6,"column":43}},"line":6},"2":{"name":"(anonymous_2)","decl":{"start":{"line":7,"column":12},"end":{"line":7,"column":13}},"loc":{"start":{"line":7,"column":19},"end":{"line":7,"column":60}},"line":7}},"branchMap":{},"s":{"0":1,"1":1,"2":1,"3":1,"4":0,"5":0},"f":{"0":1,"1":0,"2":0},"b":{},"inputSourceMap":null,"_coverageSchema":"1a1c01bbd47fc00a2c39e90264f33305004495a9","hash":"6fd2ed08a81bcc65e67c3946563b397792e1396f"}
,"/Users/Topman/Documents/Projects/NodeJS/maskify/dist/src/utils/index.js": {"path":"/Users/Topman/Documents/Projects/NodeJS/maskify/dist/src/utils/index.js","statementMap":{"0":{"start":{"line":2,"column":22},"end":{"line":12,"column":3}},"1":{"start":{"line":3,"column":4},"end":{"line":3,"column":33}},"2":{"start":{"line":3,"column":26},"end":{"line":3,"column":33}},"3":{"start":{"line":4,"column":15},"end":{"line":4,"column":52}},"4":{"start":{"line":5,"column":4},"end":{"line":7,"column":5}},"5":{"start":{"line":6,"column":6},"end":{"line":6,"column":68}},"6":{"start":{"line":6,"column":51},"end":{"line":6,"column":63}},"7":{"start":{"line":8,"column":4},"end":{"line":8,"column":39}},"8":{"start":{"line":10,"column":4},"end":{"line":10,"column":33}},"9":{"start":{"line":10,"column":26},"end":{"line":10,"column":33}},"10":{"start":{"line":11,"column":4},"end":{"line":11,"column":17}},"11":{"start":{"line":13,"column":19},"end":{"line":15,"column":1}},"12":{"start":{"line":14,"column":4},"end":{"line":14,"column":126}},"13":{"start":{"line":14,"column":21},"end":{"line":14,"column":126}},"14":{"start":{"line":14,"column":95},"end":{"line":14,"column":126}},"15":{"start":{"line":16,"column":0},"end":{"line":16,"column":62}},"16":{"start":{"line":17,"column":0},"end":{"line":17,"column":42}},"17":{"start":{"line":18,"column":0},"end":{"line":18,"column":46}},"18":{"start":{"line":19,"column":0},"end":{"line":19,"column":42}}},"fnMap":{"0":{"name":"(anonymous_0)","decl":{"start":{"line":2,"column":74},"end":{"line":2,"column":75}},"loc":{"start":{"line":2,"column":96},"end":{"line":9,"column":1}},"line":2},"1":{"name":"(anonymous_1)","decl":{"start":{"line":6,"column":38},"end":{"line":6,"column":39}},"loc":{"start":{"line":6,"column":49},"end":{"line":6,"column":65}},"line":6},"2":{"name":"(anonymous_2)","decl":{"start":{"line":9,"column":6},"end":{"line":9,"column":7}},"loc":{"start":{"line":9,"column":28},"end":{"line":12,"column":1}},"line":9},"3":{"name":"(anonymous_3)","decl":{"start":{"line":13,"column":50},"end":{"line":13,"column":51}},"loc":{"start":{"line":13,"column":71},"end":{"line":15,"column":1}},"line":13}},"branchMap":{"0":{"loc":{"start":{"line":2,"column":22},"end":{"line":12,"column":3}},"type":"binary-expr","locations":[{"start":{"line":2,"column":23},"end":{"line":2,"column":27}},{"start":{"line":2,"column":31},"end":{"line":2,"column":51}},{"start":{"line":2,"column":57},"end":{"line":12,"column":2}}],"line":2},"1":{"loc":{"start":{"line":2,"column":57},"end":{"line":12,"column":2}},"type":"cond-expr","locations":[{"start":{"line":2,"column":74},"end":{"line":9,"column":1}},{"start":{"line":9,"column":6},"end":{"line":12,"column":1}}],"line":2},"2":{"loc":{"start":{"line":3,"column":4},"end":{"line":3,"column":33}},"type":"if","locations":[{"start":{"line":3,"column":4},"end":{"line":3,"column":33}},{"start":{},"end":{}}],"line":3},"3":{"loc":{"start":{"line":5,"column":4},"end":{"line":7,"column":5}},"type":"if","locations":[{"start":{"line":5,"column":4},"end":{"line":7,"column":5}},{"start":{},"end":{}}],"line":5},"4":{"loc":{"start":{"line":5,"column":8},"end":{"line":5,"column":85}},"type":"binary-expr","locations":[{"start":{"line":5,"column":8},"end":{"line":5,"column":13}},{"start":{"line":5,"column":18},"end":{"line":5,"column":84}}],"line":5},"5":{"loc":{"start":{"line":5,"column":18},"end":{"line":5,"column":84}},"type":"cond-expr","locations":[{"start":{"line":5,"column":34},"end":{"line":5,"column":47}},{"start":{"line":5,"column":50},"end":{"line":5,"column":84}}],"line":5},"6":{"loc":{"start":{"line":5,"column":50},"end":{"line":5,"column":84}},"type":"binary-expr","locations":[{"start":{"line":5,"column":50},"end":{"line":5,"column":63}},{"start":{"line":5,"column":67},"end":{"line":5,"column":84}}],"line":5},"7":{"loc":{"start":{"line":10,"column":4},"end":{"line":10,"column":33}},"type":"if","locations":[{"start":{"line":10,"column":4},"end":{"line":10,"column":33}},{"start":{},"end":{}}],"line":10},"8":{"loc":{"start":{"line":13,"column":19},"end":{"line":15,"column":1}},"type":"binary-expr","locations":[{"start":{"line":13,"column":20},"end":{"line":13,"column":24}},{"start":{"line":13,"column":28},"end":{"line":13,"column":45}},{"start":{"line":13,"column":50},"end":{"line":15,"column":1}}],"line":13},"9":{"loc":{"start":{"line":14,"column":21},"end":{"line":14,"column":126}},"type":"if","locations":[{"start":{"line":14,"column":21},"end":{"line":14,"column":126}},{"start":{},"end":{}}],"line":14},"10":{"loc":{"start":{"line":14,"column":25},"end":{"line":14,"column":93}},"type":"binary-expr","locations":[{"start":{"line":14,"column":25},"end":{"line":14,"column":40}},{"start":{"line":14,"column":44},"end":{"line":14,"column":93}}],"line":14}},"s":{"0":1,"1":2,"2":2,"3":2,"4":2,"5":2,"6":7,"7":2,"8":0,"9":0,"10":0,"11":1,"12":3,"13":2,"14":2,"15":1,"16":1,"17":1,"18":1},"f":{"0":2,"1":7,"2":0,"3":3},"b":{"0":[1,1,1],"1":[1,0],"2":[2,0],"3":[2,0],"4":[2,2],"5":[0,2],"6":[2,0],"7":[0,0],"8":[1,1,1],"9":[2,0],"10":[2,2]},"inputSourceMap":null,"_coverageSchema":"1a1c01bbd47fc00a2c39e90264f33305004495a9","hash":"beaf16598f07e3d718fe1b723d1296c4a051d5b0"}
,"/Users/Topman/Documents/Projects/NodeJS/maskify/dist/src/utils/types.js": {"path":"/Users/Topman/Documents/Projects/NodeJS/maskify/dist/src/utils/types.js","statementMap":{"0":{"start":{"line":2,"column":0},"end":{"line":2,"column":62}}},"fnMap":{},"branchMap":{},"s":{"0":1},"f":{},"b":{},"inputSourceMap":null,"_coverageSchema":"1a1c01bbd47fc00a2c39e90264f33305004495a9","hash":"2ac43a9d2b93a0c271cb2094c39878f2b7d76d20"}
,"/Users/Topman/Documents/Projects/NodeJS/maskify/src/maskify.ts": {"path":"/Users/Topman/Documents/Projects/NodeJS/maskify/src/maskify.ts","statementMap":{"0":{"start":{"line":1,"column":0},"end":{"line":1,"column":72}},"1":{"start":{"line":2,"column":0},"end":{"line":2,"column":74}},"2":{"start":{"line":9,"column":4},"end":{"line":9,"column":29}},"3":{"start":{"line":9,"column":16},"end":{"line":9,"column":29}},"4":{"start":{"line":10,"column":20},"end":{"line":10,"column":32}},"5":{"start":{"line":11,"column":40},"end":{"line":11,"column":44}},"6":{"start":{"line":13,"column":4},"end":{"line":13,"column":58}},"7":{"start":{"line":13,"column":14},"end":{"line":13,"column":58}},"8":{"start":{"line":15,"column":4},"end":{"line":19,"column":5}},"9":{"start":{"line":16,"column":6},"end":{"line":16,"column":70}},"10":{"start":{"line":16,"column":38},"end":{"line":16,"column":70}},"11":{"start":{"line":17,"column":6},"end":{"line":17,"column":70}},"12":{"start":{"line":17,"column":38},"end":{"line":17,"column":70}},"13":{"start":{"line":18,"column":6},"end":{"line":18,"column":68}},"14":{"start":{"line":18,"column":37},"end":{"line":18,"column":68}},"15":{"start":{"line":21,"column":4},"end":{"line":21,"column":38}},"16":{"start":{"line":29,"column":4},"end":{"line":38,"column":5}},"17":{"start":{"line":31,"column":8},"end":{"line":31,"column":38}},"18":{"start":{"line":33,"column":8},"end":{"line":33,"column":38}},"19":{"start":{"line":35,"column":8},"end":{"line":35,"column":37}},"20":{"start":{"line":37,"column":8},"end":{"line":37,"column":40}},"21":{"start":{"line":45,"column":18},"end":{"line":45,"column":42}},"22":{"start":{"line":48,"column":26},"end":{"line":53,"column":27}},"23":{"start":{"line":49,"column":6},"end":{"line":53,"column":27}},"24":{"start":{"line":55,"column":22},"end":{"line":94,"column":5}},"25":{"start":{"line":56,"column":29},"end":{"line":56,"column":48}},"26":{"start":{"line":57,"column":23},"end":{"line":57,"column":64}},"27":{"start":{"line":59,"column":22},"end":{"line":91,"column":7}},"28":{"start":{"line":60,"column":8},"end":{"line":60,"column":36}},"29":{"start":{"line":60,"column":29},"end":{"line":60,"column":36}},"30":{"start":{"line":61,"column":20},"end":{"line":61,"column":31}},"31":{"start":{"line":62,"column":23},"end":{"line":62,"column":48}},"32":{"start":{"line":65,"column":8},"end":{"line":70,"column":9}},"33":{"start":{"line":66,"column":10},"end":{"line":68,"column":11}},"34":{"start":{"line":67,"column":12},"end":{"line":67,"column":61}},"35":{"start":{"line":67,"column":40},"end":{"line":67,"column":61}},"36":{"start":{"line":69,"column":10},"end":{"line":69,"column":17}},"37":{"start":{"line":73,"column":8},"end":{"line":79,"column":9}},"38":{"start":{"line":74,"column":22},"end":{"line":74,"column":33}},"39":{"start":{"line":75,"column":10},"end":{"line":77,"column":11}},"40":{"start":{"line":76,"column":12},"end":{"line":76,"column":41}},"41":{"start":{"line":78,"column":10},"end":{"line":78,"column":17}},"42":{"start":{"line":82,"column":8},"end":{"line":82,"column":38}},"43":{"start":{"line":82,"column":31},"end":{"line":82,"column":38}},"44":{"start":{"line":84,"column":8},"end":{"line":90,"column":9}},"45":{"start":{"line":85,"column":10},"end":{"line":87,"column":11}},"46":{"start":{"line":86,"column":12},"end":{"line":86,"column":57}},"47":{"start":{"line":89,"column":10},"end":{"line":89,"column":39}},"48":{"start":{"line":93,"column":6},"end":{"line":93,"column":25}},"49":{"start":{"line":96,"column":4},"end":{"line":98,"column":5}},"50":{"start":{"line":97,"column":6},"end":{"line":97,"column":35}},"51":{"start":{"line":100,"column":4},"end":{"line":100,"column":17}},"52":{"start":{"line":4,"column":0},"end":{"line":4,"column":13}}},"fnMap":{"0":{"name":"(anonymous_0)","decl":{"start":{"line":5,"column":2},"end":{"line":5,"column":8}},"loc":{"start":{"line":7,"column":76},"end":{"line":22,"column":3}}},"1":{"name":"(anonymous_1)","decl":{"start":{"line":24,"column":10},"end":{"line":24,"column":16}},"loc":{"start":{"line":27,"column":21},"end":{"line":39,"column":3}}},"2":{"name":"(anonymous_2)","decl":{"start":{"line":41,"column":2},"end":{"line":41,"column":8}},"loc":{"start":{"line":43,"column":39},"end":{"line":101,"column":3}}},"3":{"name":"(anonymous_3)","decl":{"start":{"line":48,"column":26},"end":{"line":48,"column":27}},"loc":{"start":{"line":49,"column":6},"end":{"line":53,"column":27}}},"4":{"name":"(anonymous_4)","decl":{"start":{"line":55,"column":22},"end":{"line":55,"column":23}},"loc":{"start":{"line":55,"column":71},"end":{"line":94,"column":5}}},"5":{"name":"(anonymous_5)","decl":{"start":{"line":59,"column":22},"end":{"line":59,"column":23}},"loc":{"start":{"line":59,"column":56},"end":{"line":91,"column":7}}}},"branchMap":{"0":{"loc":{"start":{"line":7,"column":4},"end":{"line":7,"column":76}},"type":"default-arg","locations":[{"start":{"line":7,"column":24},"end":{"line":7,"column":76}}]},"1":{"loc":{"start":{"line":9,"column":4},"end":{"line":9,"column":29}},"type":"if","locations":[{"start":{"line":9,"column":4},"end":{"line":9,"column":29}}]},"2":{"loc":{"start":{"line":11,"column":12},"end":{"line":11,"column":29}},"type":"default-arg","locations":[{"start":{"line":11,"column":25},"end":{"line":11,"column":29}}]},"3":{"loc":{"start":{"line":13,"column":4},"end":{"line":13,"column":58}},"type":"if","locations":[{"start":{"line":13,"column":4},"end":{"line":13,"column":58}}]},"4":{"loc":{"start":{"line":15,"column":4},"end":{"line":19,"column":5}},"type":"if","locations":[{"start":{"line":15,"column":4},"end":{"line":19,"column":5}}]},"5":{"loc":{"start":{"line":16,"column":6},"end":{"line":16,"column":70}},"type":"if","locations":[{"start":{"line":16,"column":6},"end":{"line":16,"column":70}}]},"6":{"loc":{"start":{"line":17,"column":6},"end":{"line":17,"column":70}},"type":"if","locations":[{"start":{"line":17,"column":6},"end":{"line":17,"column":70}}]},"7":{"loc":{"start":{"line":18,"column":6},"end":{"line":18,"column":68}},"type":"if","locations":[{"start":{"line":18,"column":6},"end":{"line":18,"column":68}}]},"8":{"loc":{"start":{"line":29,"column":4},"end":{"line":38,"column":5}},"type":"switch","locations":[{"start":{"line":30,"column":6},"end":{"line":31,"column":38}},{"start":{"line":32,"column":6},"end":{"line":33,"column":38}},{"start":{"line":34,"column":6},"end":{"line":35,"column":37}},{"start":{"line":36,"column":6},"end":{"line":37,"column":40}}]},"9":{"loc":{"start":{"line":60,"column":8},"end":{"line":60,"column":36}},"type":"if","locations":[{"start":{"line":60,"column":8},"end":{"line":60,"column":36}}]},"10":{"loc":{"start":{"line":65,"column":8},"end":{"line":70,"column":9}},"type":"if","locations":[{"start":{"line":65,"column":8},"end":{"line":70,"column":9}}]},"11":{"loc":{"start":{"line":66,"column":10},"end":{"line":68,"column":11}},"type":"if","locations":[{"start":{"line":66,"column":10},"end":{"line":68,"column":11}}]},"12":{"loc":{"start":{"line":73,"column":8},"end":{"line":79,"column":9}},"type":"if","locations":[{"start":{"line":73,"column":8},"end":{"line":79,"column":9}}]},"13":{"loc":{"start":{"line":75,"column":10},"end":{"line":77,"column":11}},"type":"if","locations":[{"start":{"line":75,"column":10},"end":{"line":77,"column":11}}]},"14":{"loc":{"start":{"line":75,"column":14},"end":{"line":75,"column":60}},"type":"binary-expr","locations":[{"start":{"line":75,"column":14},"end":{"line":75,"column":36}},{"start":{"line":75,"column":40},"end":{"line":75,"column":60}}]},"15":{"loc":{"start":{"line":82,"column":8},"end":{"line":82,"column":38}},"type":"if","locations":[{"start":{"line":82,"column":8},"end":{"line":82,"column":38}}]},"16":{"loc":{"start":{"line":84,"column":8},"end":{"line":90,"column":9}},"type":"if","locations":[{"start":{"line":84,"column":8},"end":{"line":90,"column":9}},{"start":{"line":88,"column":15},"end":{"line":90,"column":9}}]},"17":{"loc":{"start":{"line":85,"column":10},"end":{"line":87,"column":11}},"type":"if","locations":[{"start":{"line":85,"column":10},"end":{"line":87,"column":11}}]}},"s":{"0":1,"1":1,"2":20,"3":2,"4":18,"5":18,"6":18,"7":17,"8":1,"9":1,"10":1,"11":0,"12":0,"13":0,"14":0,"15":0,"16":17,"17":9,"18":5,"19":1,"20":2,"21":6,"22":6,"23":9,"24":6,"25":9,"26":9,"27":9,"28":29,"29":0,"30":29,"31":29,"32":29,"33":5,"34":5,"35":9,"36":5,"37":24,"38":0,"39":0,"40":0,"41":0,"42":24,"43":1,"44":23,"45":12,"46":12,"47":11,"48":9,"49":6,"50":9,"51":6,"52":1},"f":{"0":20,"1":17,"2":6,"3":9,"4":9,"5":29},"b":{"0":[2],"1":[2],"2":[17],"3":[17],"4":[1],"5":[1],"6":[0],"7":[0],"8":[9,5,1,2],"9":[0],"10":[5],"11":[5],"12":[0],"13":[0],"14":[0,0],"15":[1],"16":[12,11],"17":[12]}}
,"/Users/Topman/Documents/Projects/NodeJS/maskify/src/maskers/card.ts": {"path":"/Users/Topman/Documents/Projects/NodeJS/maskify/src/maskers/card.ts","statementMap":{"0":{"start":{"line":3,"column":0},"end":{"line":3,"column":16}},"1":{"start":{"line":7,"column":47},"end":{"line":7,"column":54}},"2":{"start":{"line":9,"column":2},"end":{"line":9,"column":23}},"3":{"start":{"line":9,"column":13},"end":{"line":9,"column":23}},"4":{"start":{"line":11,"column":21},"end":{"line":11,"column":44}},"5":{"start":{"line":12,"column":17},"end":{"line":12,"column":50}},"6":{"start":{"line":14,"column":23},"end":{"line":15,"column":null}},"7":{"start":{"line":15,"column":4},"end":{"line":15,"column":79}},"8":{"start":{"line":18,"column":2},"end":{"line":18,"column":32}}},"fnMap":{"0":{"name":"maskCard","decl":{"start":{"line":3,"column":16},"end":{"line":3,"column":24}},"loc":{"start":{"line":5,"column":57},"end":{"line":19,"column":1}}},"1":{"name":"(anonymous_1)","decl":{"start":{"line":14,"column":34},"end":{"line":14,"column":35}},"loc":{"start":{"line":15,"column":4},"end":{"line":15,"column":79}}}},"branchMap":{"0":{"loc":{"start":{"line":7,"column":10},"end":{"line":7,"column":26}},"type":"default-arg","locations":[{"start":{"line":7,"column":25},"end":{"line":7,"column":26}}]},"1":{"loc":{"start":{"line":7,"column":28},"end":{"line":7,"column":42}},"type":"default-arg","locations":[{"start":{"line":7,"column":39},"end":{"line":7,"column":42}}]},"2":{"loc":{"start":{"line":9,"column":2},"end":{"line":9,"column":23}},"type":"if","locations":[{"start":{"line":9,"column":2},"end":{"line":9,"column":23}}]},"3":{"loc":{"start":{"line":12,"column":17},"end":{"line":12,"column":50}},"type":"binary-expr","locations":[{"start":{"line":12,"column":17},"end":{"line":12,"column":44}},{"start":{"line":12,"column":48},"end":{"line":12,"column":50}}]},"4":{"loc":{"start":{"line":15,"column":4},"end":{"line":15,"column":79}},"type":"cond-expr","locations":[{"start":{"line":15,"column":41},"end":{"line":15,"column":46}},{"start":{"line":15,"column":49},"end":{"line":15,"column":79}}]},"5":{"loc":{"start":{"line":15,"column":4},"end":{"line":15,"column":38}},"type":"binary-expr","locations":[{"start":{"line":15,"column":4},"end":{"line":15,"column":11}},{"start":{"line":15,"column":15},"end":{"line":15,"column":38}}]}},"s":{"0":1,"1":1,"2":1,"3":0,"4":1,"5":1,"6":1,"7":4,"8":1},"f":{"0":1,"1":4},"b":{"0":[1],"1":[1],"2":[0],"3":[1,0],"4":[2,2],"5":[4,3]}}
,"/Users/Topman/Documents/Projects/NodeJS/maskify/src/maskers/email.ts": {"path":"/Users/Topman/Documents/Projects/NodeJS/maskify/src/maskers/email.ts","statementMap":{"0":{"start":{"line":13,"column":0},"end":{"line":13,"column":16}},"1":{"start":{"line":20,"column":2},"end":{"line":22,"column":3}},"2":{"start":{"line":21,"column":4},"end":{"line":21,"column":23}},"3":{"start":{"line":29,"column":6},"end":{"line":29,"column":13}},"4":{"start":{"line":31,"column":34},"end":{"line":31,"column":50}},"5":{"start":{"line":32,"column":2},"end":{"line":32,"column":46}},"6":{"start":{"line":32,"column":33},"end":{"line":32,"column":46}},"7":{"start":{"line":34,"column":32},"end":{"line":34,"column":53}},"8":{"start":{"line":35,"column":20},"end":{"line":35,"column":40}},"9":{"start":{"line":38,"column":27},"end":{"line":38,"column":71}},"10":{"start":{"line":39,"column":27},"end":{"line":41,"column":null}},"11":{"start":{"line":44,"column":16},"end":{"line":44,"column":52}},"12":{"start":{"line":45,"column":22},"end":{"line":45,"column":68}},"13":{"start":{"line":48,"column":25},"end":{"line":48,"column":68}},"14":{"start":{"line":49,"column":28},"end":{"line":51,"column":null}},"15":{"start":{"line":54,"column":29},"end":{"line":54,"column":64}},"16":{"start":{"line":55,"column":23},"end":{"line":57,"column":5}},"17":{"start":{"line":60,"column":2},"end":{"line":60,"column":77}}},"fnMap":{"0":{"name":"maskEmail","decl":{"start":{"line":13,"column":16},"end":{"line":13,"column":25}},"loc":{"start":{"line":18,"column":8},"end":{"line":61,"column":1}}}},"branchMap":{"0":{"loc":{"start":{"line":15,"column":2},"end":{"line":18,"column":8}},"type":"default-arg","locations":[{"start":{"line":18,"column":6},"end":{"line":18,"column":8}}]},"1":{"loc":{"start":{"line":20,"column":2},"end":{"line":22,"column":3}},"type":"if","locations":[{"start":{"line":20,"column":2},"end":{"line":22,"column":3}}]},"2":{"loc":{"start":{"line":20,"column":6},"end":{"line":20,"column":65}},"type":"binary-expr","locations":[{"start":{"line":20,"column":6},"end":{"line":20,"column":12}},{"start":{"line":20,"column":16},"end":{"line":20,"column":41}},{"start":{"line":20,"column":45},"end":{"line":20,"column":65}}]},"3":{"loc":{"start":{"line":21,"column":11},"end":{"line":21,"column":22}},"type":"binary-expr","locations":[{"start":{"line":21,"column":11},"end":{"line":21,"column":16}},{"start":{"line":21,"column":20},"end":{"line":21,"column":22}}]},"4":{"loc":{"start":{"line":25,"column":4},"end":{"line":25,"column":20}},"type":"default-arg","locations":[{"start":{"line":25,"column":19},"end":{"line":25,"column":20}}]},"5":{"loc":{"start":{"line":26,"column":4},"end":{"line":26,"column":20}},"type":"default-arg","locations":[{"start":{"line":26,"column":19},"end":{"line":26,"column":20}}]},"6":{"loc":{"start":{"line":27,"column":4},"end":{"line":27,"column":18}},"type":"default-arg","locations":[{"start":{"line":27,"column":17},"end":{"line":27,"column":18}}]},"7":{"loc":{"start":{"line":28,"column":4},"end":{"line":28,"column":18}},"type":"default-arg","locations":[{"start":{"line":28,"column":15},"end":{"line":28,"column":18}}]},"8":{"loc":{"start":{"line":32,"column":2},"end":{"line":32,"column":46}},"type":"if","locations":[{"start":{"line":32,"column":2},"end":{"line":32,"column":46}}]},"9":{"loc":{"start":{"line":32,"column":6},"end":{"line":32,"column":31}},"type":"binary-expr","locations":[{"start":{"line":32,"column":6},"end":{"line":32,"column":16}},{"start":{"line":32,"column":20},"end":{"line":32,"column":31}}]},"10":{"loc":{"start":{"line":35,"column":20},"end":{"line":35,"column":40}},"type":"binary-expr","locations":[{"start":{"line":35,"column":20},"end":{"line":35,"column":34}},{"start":{"line":35,"column":38},"end":{"line":35,"column":40}}]},"11":{"loc":{"start":{"line":60,"column":42},"end":{"line":60,"column":74}},"type":"cond-expr","locations":[{"start":{"line":60,"column":54},"end":{"line":60,"column":69}},{"start":{"line":60,"column":72},"end":{"line":60,"column":74}}]}},"s":{"0":1,"1":10,"2":0,"3":10,"4":10,"5":10,"6":0,"7":10,"8":10,"9":10,"10":10,"11":10,"12":10,"13":10,"14":10,"15":10,"16":10,"17":10},"f":{"0":10},"b":{"0":[0],"1":[0],"2":[10,10,10],"3":[0,0],"4":[10],"5":[9],"6":[9],"7":[10],"8":[0],"9":[10,10],"10":[10,0],"11":[10,0]}}
,"/Users/Topman/Documents/Projects/NodeJS/maskify/src/maskers/generic.ts": {"path":"/Users/Topman/Documents/Projects/NodeJS/maskify/src/maskers/generic.ts","statementMap":{"0":{"start":{"line":10,"column":0},"end":{"line":10,"column":16}},"1":{"start":{"line":16,"column":6},"end":{"line":16,"column":13}},"2":{"start":{"line":18,"column":2},"end":{"line":18,"column":53}},"3":{"start":{"line":18,"column":43},"end":{"line":18,"column":53}},"4":{"start":{"line":20,"column":14},"end":{"line":20,"column":26}},"5":{"start":{"line":23,"column":2},"end":{"line":26,"column":3}},"6":{"start":{"line":24,"column":22},"end":{"line":24,"column":53}},"7":{"start":{"line":25,"column":4},"end":{"line":25,"column":49}},"8":{"start":{"line":28,"column":16},"end":{"line":28,"column":44}},"9":{"start":{"line":29,"column":14},"end":{"line":29,"column":60}},"10":{"start":{"line":30,"column":20},"end":{"line":32,"column":null}},"11":{"start":{"line":35,"column":2},"end":{"line":35,"column":55}}},"fnMap":{"0":{"name":"maskGeneric","decl":{"start":{"line":10,"column":16},"end":{"line":10,"column":27}},"loc":{"start":{"line":10,"column":68},"end":{"line":36,"column":1}}}},"branchMap":{"0":{"loc":{"start":{"line":10,"column":43},"end":{"line":10,"column":68}},"type":"default-arg","locations":[{"start":{"line":10,"column":66},"end":{"line":10,"column":68}}]},"1":{"loc":{"start":{"line":12,"column":4},"end":{"line":12,"column":20}},"type":"default-arg","locations":[{"start":{"line":12,"column":19},"end":{"line":12,"column":20}}]},"2":{"loc":{"start":{"line":13,"column":4},"end":{"line":13,"column":18}},"type":"default-arg","locations":[{"start":{"line":13,"column":17},"end":{"line":13,"column":18}}]},"3":{"loc":{"start":{"line":14,"column":4},"end":{"line":14,"column":20}},"type":"default-arg","locations":[{"start":{"line":14,"column":19},"end":{"line":14,"column":20}}]},"4":{"loc":{"start":{"line":15,"column":4},"end":{"line":15,"column":18}},"type":"default-arg","locations":[{"start":{"line":15,"column":15},"end":{"line":15,"column":18}}]},"5":{"loc":{"start":{"line":18,"column":2},"end":{"line":18,"column":53}},"type":"if","locations":[{"start":{"line":18,"column":2},"end":{"line":18,"column":53}}]},"6":{"loc":{"start":{"line":18,"column":6},"end":{"line":18,"column":41}},"type":"binary-expr","locations":[{"start":{"line":18,"column":6},"end":{"line":18,"column":12}},{"start":{"line":18,"column":16},"end":{"line":18,"column":41}}]},"7":{"loc":{"start":{"line":23,"column":2},"end":{"line":26,"column":3}},"type":"if","locations":[{"start":{"line":23,"column":2},"end":{"line":26,"column":3}}]},"8":{"loc":{"start":{"line":29,"column":14},"end":{"line":29,"column":60}},"type":"cond-expr","locations":[{"start":{"line":29,"column":31},"end":{"line":29,"column":55}},{"start":{"line":29,"column":58},"end":{"line":29,"column":60}}]}},"s":{"0":1,"1":2,"2":2,"3":0,"4":2,"5":2,"6":0,"7":0,"8":2,"9":2,"10":2,"11":2},"f":{"0":2},"b":{"0":[0],"1":[2],"2":[2],"3":[2],"4":[2],"5":[0],"6":[2,2],"7":[0],"8":[0,2]}}
,"/Users/Topman/Documents/Projects/NodeJS/maskify/src/maskers/index.ts": {"path":"/Users/Topman/Documents/Projects/NodeJS/maskify/src/maskers/index.ts","statementMap":{"0":{"start":{"line":1,"column":0},"end":{"line":1,"column":23}},"1":{"start":{"line":2,"column":0},"end":{"line":2,"column":24}},"2":{"start":{"line":3,"column":0},"end":{"line":3,"column":26}},"3":{"start":{"line":4,"column":0},"end":{"line":4,"column":24}}},"fnMap":{},"branchMap":{},"s":{"0":1,"1":1,"2":1,"3":1},"f":{},"b":{}}
,"/Users/Topman/Documents/Projects/NodeJS/maskify/src/maskers/phone.ts": {"path":"/Users/Topman/Documents/Projects/NodeJS/maskify/src/maskers/phone.ts","statementMap":{"0":{"start":{"line":12,"column":0},"end":{"line":12,"column":16}},"1":{"start":{"line":24,"column":6},"end":{"line":24,"column":13}},"2":{"start":{"line":26,"column":2},"end":{"line":26,"column":24}},"3":{"start":{"line":26,"column":14},"end":{"line":26,"column":24}},"4":{"start":{"line":28,"column":18},"end":{"line":28,"column":39}},"5":{"start":{"line":29,"column":21},"end":{"line":29,"column":45}},"6":{"start":{"line":31,"column":2},"end":{"line":31,"column":39}},"7":{"start":{"line":31,"column":26},"end":{"line":31,"column":39}},"8":{"start":{"line":34,"column":4},"end":{"line":36,"column":49}},"9":{"start":{"line":38,"column":14},"end":{"line":38,"column":30}},"10":{"start":{"line":41,"column":2},"end":{"line":45,"column":3}},"11":{"start":{"line":42,"column":18},"end":{"line":42,"column":39}},"12":{"start":{"line":43,"column":19},"end":{"line":43,"column":67}},"13":{"start":{"line":44,"column":4},"end":{"line":44,"column":72}},"14":{"start":{"line":47,"column":16},"end":{"line":47,"column":48}},"15":{"start":{"line":48,"column":14},"end":{"line":48,"column":42}},"16":{"start":{"line":49,"column":20},"end":{"line":51,"column":null}},"17":{"start":{"line":54,"column":23},"end":{"line":54,"column":49}},"18":{"start":{"line":57,"column":2},"end":{"line":59,"column":34}}},"fnMap":{"0":{"name":"maskPhone","decl":{"start":{"line":12,"column":16},"end":{"line":12,"column":25}},"loc":{"start":{"line":17,"column":8},"end":{"line":60,"column":1}}}},"branchMap":{"0":{"loc":{"start":{"line":14,"column":2},"end":{"line":17,"column":8}},"type":"default-arg","locations":[{"start":{"line":17,"column":6},"end":{"line":17,"column":8}}]},"1":{"loc":{"start":{"line":20,"column":4},"end":{"line":20,"column":20}},"type":"default-arg","locations":[{"start":{"line":20,"column":19},"end":{"line":20,"column":20}}]},"2":{"loc":{"start":{"line":21,"column":4},"end":{"line":21,"column":18}},"type":"default-arg","locations":[{"start":{"line":21,"column":15},"end":{"line":21,"column":18}}]},"3":{"loc":{"start":{"line":22,"column":4},"end":{"line":22,"column":20}},"type":"default-arg","locations":[{"start":{"line":22,"column":19},"end":{"line":22,"column":20}}]},"4":{"loc":{"start":{"line":23,"column":4},"end":{"line":23,"column":18}},"type":"default-arg","locations":[{"start":{"line":23,"column":17},"end":{"line":23,"column":18}}]},"5":{"loc":{"start":{"line":26,"column":2},"end":{"line":26,"column":24}},"type":"if","locations":[{"start":{"line":26,"column":2},"end":{"line":26,"column":24}}]},"6":{"loc":{"start":{"line":31,"column":2},"end":{"line":31,"column":39}},"type":"if","locations":[{"start":{"line":31,"column":2},"end":{"line":31,"column":39}}]},"7":{"loc":{"start":{"line":34,"column":4},"end":{"line":36,"column":49}},"type":"cond-expr","locations":[{"start":{"line":35,"column":8},"end":{"line":35,"column":18}},{"start":{"line":36,"column":8},"end":{"line":36,"column":49}}]},"8":{"loc":{"start":{"line":34,"column":4},"end":{"line":34,"column":31}},"type":"binary-expr","locations":[{"start":{"line":34,"column":4},"end":{"line":34,"column":11}},{"start":{"line":34,"column":15},"end":{"line":34,"column":31}}]},"9":{"loc":{"start":{"line":41,"column":2},"end":{"line":45,"column":3}},"type":"if","locations":[{"start":{"line":41,"column":2},"end":{"line":45,"column":3}}]},"10":{"loc":{"start":{"line":44,"column":14},"end":{"line":44,"column":52}},"type":"cond-expr","locations":[{"start":{"line":44,"column":44},"end":{"line":44,"column":47}},{"start":{"line":44,"column":50},"end":{"line":44,"column":52}}]},"11":{"loc":{"start":{"line":44,"column":14},"end":{"line":44,"column":41}},"type":"binary-expr","locations":[{"start":{"line":44,"column":14},"end":{"line":44,"column":30}},{"start":{"line":44,"column":34},"end":{"line":44,"column":41}}]},"12":{"loc":{"start":{"line":58,"column":4},"end":{"line":58,"column":null}},"type":"cond-expr","locations":[{"start":{"line":58,"column":34},"end":{"line":58,"column":37}},{"start":{"line":58,"column":40},"end":{"line":58,"column":null}}]},"13":{"loc":{"start":{"line":58,"column":4},"end":{"line":58,"column":31}},"type":"binary-expr","locations":[{"start":{"line":58,"column":4},"end":{"line":58,"column":20}},{"start":{"line":58,"column":24},"end":{"line":58,"column":31}}]}},"s":{"0":1,"1":5,"2":5,"3":0,"4":5,"5":5,"6":5,"7":0,"8":5,"9":5,"10":5,"11":0,"12":0,"13":0,"14":5,"15":5,"16":5,"17":5,"18":5},"f":{"0":5},"b":{"0":[0],"1":[5],"2":[4],"3":[5],"4":[5],"5":[0],"6":[0],"7":[2,3],"8":[5,2],"9":[0],"10":[0,0],"11":[0,0],"12":[2,3],"13":[5,5]}}
,"/Users/Topman/Documents/Projects/NodeJS/maskify/src/utils/clone.ts": {"path":"/Users/Topman/Documents/Projects/NodeJS/maskify/src/utils/clone.ts","statementMap":{"0":{"start":{"line":1,"column":0},"end":{"line":1,"column":16}},"1":{"start":{"line":2,"column":2},"end":{"line":2,"column":58}},"2":{"start":{"line":2,"column":47},"end":{"line":2,"column":58}},"3":{"start":{"line":3,"column":2},"end":{"line":3,"column":32}},"4":{"start":{"line":3,"column":21},"end":{"line":3,"column":32}},"5":{"start":{"line":4,"column":2},"end":{"line":4,"column":16}},"6":{"start":{"line":6,"column":2},"end":{"line":6,"column":73}},"7":{"start":{"line":6,"column":26},"end":{"line":6,"column":73}},"8":{"start":{"line":6,"column":48},"end":{"line":6,"column":66}},"9":{"start":{"line":8,"column":21},"end":{"line":8,"column":23}},"10":{"start":{"line":9,"column":2},"end":{"line":11,"column":3}},"11":{"start":{"line":10,"column":4},"end":{"line":10,"column":52}},"12":{"start":{"line":12,"column":2},"end":{"line":12,"column":15}}},"fnMap":{"0":{"name":"safeClone","decl":{"start":{"line":1,"column":16},"end":{"line":1,"column":25}},"loc":{"start":{"line":1,"column":57},"end":{"line":13,"column":1}}},"1":{"name":"(anonymous_1)","decl":{"start":{"line":6,"column":41},"end":{"line":6,"column":42}},"loc":{"start":{"line":6,"column":48},"end":{"line":6,"column":66}}}},"branchMap":{"0":{"loc":{"start":{"line":1,"column":37},"end":{"line":1,"column":57}},"type":"default-arg","locations":[{"start":{"line":1,"column":44},"end":{"line":1,"column":57}}]},"1":{"loc":{"start":{"line":2,"column":2},"end":{"line":2,"column":58}},"type":"if","locations":[{"start":{"line":2,"column":2},"end":{"line":2,"column":58}}]},"2":{"loc":{"start":{"line":2,"column":6},"end":{"line":2,"column":45}},"type":"binary-expr","locations":[{"start":{"line":2,"column":6},"end":{"line":2,"column":18}},{"start":{"line":2,"column":22},"end":{"line":2,"column":45}}]},"3":{"loc":{"start":{"line":3,"column":2},"end":{"line":3,"column":32}},"type":"if","locations":[{"start":{"line":3,"column":2},"end":{"line":3,"column":32}}]},"4":{"loc":{"start":{"line":6,"column":2},"end":{"line":6,"column":73}},"type":"if","locations":[{"start":{"line":6,"column":2},"end":{"line":6,"column":73}}]}},"s":{"0":1,"1":82,"2":43,"3":39,"4":0,"5":39,"6":39,"7":8,"8":15,"9":31,"10":31,"11":61,"12":31},"f":{"0":82,"1":15},"b":{"0":[6],"1":[43],"2":[82,82],"3":[0],"4":[8]}}
,"/Users/Topman/Documents/Projects/NodeJS/maskify/src/utils/detectors.ts": {"path":"/Users/Topman/Documents/Projects/NodeJS/maskify/src/utils/detectors.ts","statementMap":{"0":{"start":{"line":1,"column":13},"end":{"line":5,"column":2}},"1":{"start":{"line":2,"column":26},"end":{"line":2,"column":62}},"2":{"start":{"line":3,"column":26},"end":{"line":3,"column":49}},"3":{"start":{"line":4,"column":25},"end":{"line":4,"column":66}}},"fnMap":{"0":{"name":"(anonymous_0)","decl":{"start":{"line":2,"column":11},"end":{"line":2,"column":12}},"loc":{"start":{"line":2,"column":26},"end":{"line":2,"column":62}}},"1":{"name":"(anonymous_1)","decl":{"start":{"line":3,"column":11},"end":{"line":3,"column":12}},"loc":{"start":{"line":3,"column":26},"end":{"line":3,"column":49}}},"2":{"name":"(anonymous_2)","decl":{"start":{"line":4,"column":10},"end":{"line":4,"column":11}},"loc":{"start":{"line":4,"column":25},"end":{"line":4,"column":66}}}},"branchMap":{},"s":{"0":1,"1":1,"2":0,"3":0},"f":{"0":1,"1":0,"2":0},"b":{}}
,"/Users/Topman/Documents/Projects/NodeJS/maskify/src/utils/index.ts": {"path":"/Users/Topman/Documents/Projects/NodeJS/maskify/src/utils/index.ts","statementMap":{"0":{"start":{"line":1,"column":0},"end":{"line":1,"column":24}},"1":{"start":{"line":2,"column":0},"end":{"line":2,"column":28}},"2":{"start":{"line":3,"column":0},"end":{"line":3,"column":24}}},"fnMap":{},"branchMap":{},"s":{"0":1,"1":1,"2":1},"f":{},"b":{}}
}
