TN:
SF:dist/src/maskify.js
FN:7,(anonymous_0)
FN:24,(anonymous_1)
FN:36,(anonymous_2)
FN:39,(anonymous_3)
FN:44,(anonymous_4)
FN:47,(anonymous_5)
FNF:6
FNH:6
FNDA:20,(anonymous_0)
FNDA:17,(anonymous_1)
FNDA:6,(anonymous_2)
FNDA:9,(anonymous_3)
FNDA:9,(anonymous_4)
FNDA:29,(anonymous_5)
DA:2,1
DA:3,1
DA:4,1
DA:5,1
DA:8,20
DA:9,2
DA:10,18
DA:11,18
DA:12,18
DA:13,17
DA:14,1
DA:15,1
DA:16,1
DA:17,0
DA:18,0
DA:19,0
DA:20,0
DA:22,0
DA:25,17
DA:27,9
DA:29,5
DA:31,1
DA:33,2
DA:37,6
DA:39,9
DA:44,6
DA:45,9
DA:46,9
DA:47,9
DA:48,29
DA:49,0
DA:50,29
DA:51,29
DA:53,29
DA:54,5
DA:55,5
DA:56,9
DA:58,5
DA:61,24
DA:62,0
DA:63,0
DA:64,0
DA:66,0
DA:69,24
DA:70,1
DA:71,23
DA:72,12
DA:73,12
DA:77,11
DA:80,9
DA:82,6
DA:83,9
DA:85,6
DA:88,1
LF:54
LH:44
BRDA:7,0,0,2
BRDA:8,1,0,2
BRDA:8,1,1,18
BRDA:11,2,0,17
BRDA:12,3,0,17
BRDA:12,3,1,1
BRDA:14,4,0,1
BRDA:14,4,1,0
BRDA:15,5,0,1
BRDA:15,5,1,0
BRDA:17,6,0,0
BRDA:17,6,1,0
BRDA:19,7,0,0
BRDA:19,7,1,0
BRDA:25,8,0,9
BRDA:25,8,1,5
BRDA:25,8,2,1
BRDA:25,8,3,2
BRDA:48,9,0,0
BRDA:48,9,1,29
BRDA:53,10,0,5
BRDA:53,10,1,24
BRDA:54,11,0,5
BRDA:54,11,1,0
BRDA:61,12,0,0
BRDA:61,12,1,24
BRDA:63,13,0,0
BRDA:63,13,1,0
BRDA:63,14,0,0
BRDA:63,14,1,0
BRDA:69,15,0,1
BRDA:69,15,1,23
BRDA:71,16,0,12
BRDA:71,16,1,11
BRDA:72,17,0,12
BRDA:72,17,1,0
BRF:36
BRH:22
end_of_record
TN:
SF:dist/src/maskers/card.js
FN:4,maskCard
FN:10,(anonymous_1)
FNF:2
FNH:2
FNDA:1,maskCard
FNDA:4,(anonymous_1)
DA:2,1
DA:3,1
DA:5,1
DA:6,1
DA:7,0
DA:8,1
DA:9,1
DA:10,4
DA:11,1
LF:9
LH:8
BRDA:5,0,0,1
BRDA:5,1,0,1
BRDA:6,2,0,0
BRDA:6,2,1,1
BRDA:9,3,0,1
BRDA:9,3,1,0
BRDA:10,4,0,2
BRDA:10,4,1,2
BRDA:10,5,0,4
BRDA:10,5,1,3
BRF:10
BRH:8
end_of_record
TN:
SF:dist/src/maskers/email.js
FN:14,maskEmail
FNF:1
FNH:1
FNDA:10,maskEmail
DA:2,1
DA:3,1
DA:15,10
DA:16,0
DA:18,10
DA:19,10
DA:20,10
DA:21,0
DA:22,10
DA:23,10
DA:25,10
DA:26,10
DA:27,10
DA:28,10
DA:30,10
DA:31,10
DA:32,10
DA:33,10
DA:35,10
LF:19
LH:17
BRDA:14,0,0,0
BRDA:15,1,0,0
BRDA:15,1,1,10
BRDA:15,2,0,10
BRDA:15,2,1,10
BRDA:15,2,2,10
BRDA:16,3,0,0
BRDA:16,3,1,0
BRDA:18,4,0,10
BRDA:18,5,0,9
BRDA:18,6,0,9
BRDA:18,7,0,10
BRDA:20,8,0,0
BRDA:20,8,1,10
BRDA:20,9,0,10
BRDA:20,9,1,10
BRDA:23,10,0,10
BRDA:23,10,1,0
BRDA:35,11,0,10
BRDA:35,11,1,0
BRF:20
BRH:13
end_of_record
TN:
SF:dist/src/maskers/generic.js
FN:11,maskGeneric
FNF:1
FNH:1
FNDA:2,maskGeneric
DA:2,1
DA:3,1
DA:12,2
DA:13,2
DA:14,0
DA:15,2
DA:17,2
DA:18,0
DA:19,0
DA:21,2
DA:22,2
DA:23,2
DA:24,2
LF:13
LH:10
BRDA:11,0,0,0
BRDA:12,1,0,2
BRDA:12,2,0,2
BRDA:12,3,0,2
BRDA:12,4,0,2
BRDA:13,5,0,0
BRDA:13,5,1,2
BRDA:13,6,0,2
BRDA:13,6,1,2
BRDA:17,7,0,0
BRDA:17,7,1,2
BRDA:22,8,0,0
BRDA:22,8,1,2
BRF:13
BRH:9
end_of_record
TN:
SF:dist/src/maskers/index.js
FN:2,(anonymous_0)
FN:6,(anonymous_1)
FN:9,(anonymous_2)
FN:13,(anonymous_3)
FNF:4
FNH:3
FNDA:4,(anonymous_0)
FNDA:18,(anonymous_1)
FNDA:0,(anonymous_2)
FNDA:4,(anonymous_3)
DA:2,1
DA:3,4
DA:4,4
DA:5,4
DA:6,18
DA:8,4
DA:10,0
DA:11,0
DA:13,1
DA:14,4
DA:16,1
DA:17,1
DA:18,1
DA:19,1
DA:20,1
LF:15
LH:13
BRDA:2,0,0,1
BRDA:2,0,1,1
BRDA:2,0,2,1
BRDA:2,1,0,1
BRDA:2,1,1,0
BRDA:3,2,0,4
BRDA:3,2,1,0
BRDA:5,3,0,4
BRDA:5,3,1,0
BRDA:5,4,0,4
BRDA:5,4,1,4
BRDA:5,5,0,0
BRDA:5,5,1,4
BRDA:5,6,0,4
BRDA:5,6,1,0
BRDA:10,7,0,0
BRDA:10,7,1,0
BRDA:13,8,0,1
BRDA:13,8,1,1
BRDA:13,8,2,1
BRDA:14,9,0,4
BRDA:14,9,1,0
BRDA:14,10,0,4
BRDA:14,10,1,4
BRF:24
BRH:16
end_of_record
TN:
SF:dist/src/maskers/phone.js
FN:13,maskPhone
FNF:1
FNH:1
FNDA:5,maskPhone
DA:2,1
DA:3,1
DA:14,5
DA:15,5
DA:16,0
DA:17,5
DA:18,5
DA:19,5
DA:20,0
DA:21,5
DA:24,5
DA:26,5
DA:27,0
DA:28,0
DA:29,0
DA:31,5
DA:32,5
DA:33,5
DA:34,5
DA:36,5
LF:20
LH:15
BRDA:13,0,0,0
BRDA:14,1,0,5
BRDA:14,2,0,4
BRDA:14,3,0,5
BRDA:14,4,0,5
BRDA:15,5,0,0
BRDA:15,5,1,5
BRDA:19,6,0,0
BRDA:19,6,1,5
BRDA:21,7,0,2
BRDA:21,7,1,3
BRDA:21,8,0,5
BRDA:21,8,1,2
BRDA:26,9,0,0
BRDA:26,9,1,5
BRDA:29,10,0,0
BRDA:29,10,1,0
BRDA:29,11,0,0
BRDA:29,11,1,0
BRDA:36,12,0,2
BRDA:36,12,1,3
BRDA:36,13,0,5
BRDA:36,13,1,5
BRF:23
BRH:15
end_of_record
TN:
SF:dist/src/utils/clone.js
FN:4,safeClone
FN:11,(anonymous_1)
FNF:2
FNH:2
FNDA:82,safeClone
FNDA:15,(anonymous_1)
DA:2,1
DA:3,1
DA:5,82
DA:6,43
DA:7,39
DA:8,0
DA:9,39
DA:10,39
DA:11,15
DA:12,31
DA:13,31
DA:14,61
DA:16,31
LF:13
LH:12
BRDA:4,0,0,6
BRDA:5,1,0,43
BRDA:5,1,1,39
BRDA:5,2,0,82
BRDA:5,2,1,82
BRDA:7,3,0,0
BRDA:7,3,1,39
BRDA:10,4,0,8
BRDA:10,4,1,31
BRF:9
BRH:8
end_of_record
TN:
SF:dist/src/utils/detectors.js
FN:5,(anonymous_0)
FN:6,(anonymous_1)
FN:7,(anonymous_2)
FNF:3
FNH:1
FNDA:1,(anonymous_0)
FNDA:0,(anonymous_1)
FNDA:0,(anonymous_2)
DA:2,1
DA:3,1
DA:4,1
DA:5,1
DA:6,0
DA:7,0
LF:6
LH:4
BRF:0
BRH:0
end_of_record
TN:
SF:dist/src/utils/index.js
FN:2,(anonymous_0)
FN:6,(anonymous_1)
FN:9,(anonymous_2)
FN:13,(anonymous_3)
FNF:4
FNH:3
FNDA:2,(anonymous_0)
FNDA:7,(anonymous_1)
FNDA:0,(anonymous_2)
FNDA:3,(anonymous_3)
DA:2,1
DA:3,2
DA:4,2
DA:5,2
DA:6,7
DA:8,2
DA:10,0
DA:11,0
DA:13,1
DA:14,3
DA:16,1
DA:17,1
DA:18,1
DA:19,1
LF:14
LH:12
BRDA:2,0,0,1
BRDA:2,0,1,1
BRDA:2,0,2,1
BRDA:2,1,0,1
BRDA:2,1,1,0
BRDA:3,2,0,2
BRDA:3,2,1,0
BRDA:5,3,0,2
BRDA:5,3,1,0
BRDA:5,4,0,2
BRDA:5,4,1,2
BRDA:5,5,0,0
BRDA:5,5,1,2
BRDA:5,6,0,2
BRDA:5,6,1,0
BRDA:10,7,0,0
BRDA:10,7,1,0
BRDA:13,8,0,1
BRDA:13,8,1,1
BRDA:13,8,2,1
BRDA:14,9,0,2
BRDA:14,9,1,0
BRDA:14,10,0,2
BRDA:14,10,1,2
BRF:24
BRH:16
end_of_record
TN:
SF:dist/src/utils/types.js
FNF:0
FNH:0
DA:2,1
LF:1
LH:1
BRF:0
BRH:0
end_of_record
TN:
SF:src/maskify.ts
FN:5,(anonymous_0)
FN:24,(anonymous_1)
FN:41,(anonymous_2)
FN:48,(anonymous_3)
FN:55,(anonymous_4)
FN:59,(anonymous_5)
FNF:6
FNH:6
FNDA:20,(anonymous_0)
FNDA:17,(anonymous_1)
FNDA:6,(anonymous_2)
FNDA:9,(anonymous_3)
FNDA:9,(anonymous_4)
FNDA:29,(anonymous_5)
DA:1,1
DA:2,1
DA:4,1
DA:9,20
DA:10,18
DA:11,18
DA:13,18
DA:15,1
DA:16,1
DA:17,0
DA:18,0
DA:21,0
DA:29,17
DA:31,9
DA:33,5
DA:35,1
DA:37,2
DA:45,6
DA:48,6
DA:49,9
DA:55,6
DA:56,9
DA:57,9
DA:59,9
DA:60,29
DA:61,29
DA:62,29
DA:65,29
DA:66,5
DA:67,9
DA:69,5
DA:73,24
DA:74,0
DA:75,0
DA:76,0
DA:78,0
DA:82,24
DA:84,23
DA:85,12
DA:86,12
DA:89,11
DA:93,9
DA:96,6
DA:97,9
DA:100,6
LF:45
LH:38
BRDA:7,0,0,2
BRDA:9,1,0,2
BRDA:11,2,0,17
BRDA:13,3,0,17
BRDA:15,4,0,1
BRDA:16,5,0,1
BRDA:17,6,0,0
BRDA:18,7,0,0
BRDA:29,8,0,9
BRDA:29,8,1,5
BRDA:29,8,2,1
BRDA:29,8,3,2
BRDA:60,9,0,0
BRDA:65,10,0,5
BRDA:66,11,0,5
BRDA:73,12,0,0
BRDA:75,13,0,0
BRDA:75,14,0,0
BRDA:75,14,1,0
BRDA:82,15,0,1
BRDA:84,16,0,12
BRDA:84,16,1,11
BRDA:85,17,0,12
BRF:23
BRH:16
end_of_record
TN:
SF:src/maskers/card.ts
FN:3,maskCard
FN:14,(anonymous_1)
FNF:2
FNH:2
FNDA:1,maskCard
FNDA:4,(anonymous_1)
DA:3,1
DA:7,1
DA:9,1
DA:11,1
DA:12,1
DA:14,1
DA:15,4
DA:18,1
LF:8
LH:8
BRDA:7,0,0,1
BRDA:7,1,0,1
BRDA:9,2,0,0
BRDA:12,3,0,1
BRDA:12,3,1,0
BRDA:15,4,0,2
BRDA:15,4,1,2
BRDA:15,5,0,4
BRDA:15,5,1,3
BRF:9
BRH:7
end_of_record
TN:
SF:src/maskers/email.ts
FN:13,maskEmail
FNF:1
FNH:1
FNDA:10,maskEmail
DA:13,1
DA:20,10
DA:21,0
DA:29,10
DA:31,10
DA:32,10
DA:34,10
DA:35,10
DA:38,10
DA:39,10
DA:44,10
DA:45,10
DA:48,10
DA:49,10
DA:54,10
DA:55,10
DA:60,10
LF:17
LH:16
BRDA:15,0,0,0
BRDA:20,1,0,0
BRDA:20,2,0,10
BRDA:20,2,1,10
BRDA:20,2,2,10
BRDA:21,3,0,0
BRDA:21,3,1,0
BRDA:25,4,0,10
BRDA:26,5,0,9
BRDA:27,6,0,9
BRDA:28,7,0,10
BRDA:32,8,0,0
BRDA:32,9,0,10
BRDA:32,9,1,10
BRDA:35,10,0,10
BRDA:35,10,1,0
BRDA:60,11,0,10
BRDA:60,11,1,0
BRF:18
BRH:11
end_of_record
TN:
SF:src/maskers/generic.ts
FN:10,maskGeneric
FNF:1
FNH:1
FNDA:2,maskGeneric
DA:10,1
DA:16,2
DA:18,2
DA:20,2
DA:23,2
DA:24,0
DA:25,0
DA:28,2
DA:29,2
DA:30,2
DA:35,2
LF:11
LH:9
BRDA:10,0,0,0
BRDA:12,1,0,2
BRDA:13,2,0,2
BRDA:14,3,0,2
BRDA:15,4,0,2
BRDA:18,5,0,0
BRDA:18,6,0,2
BRDA:18,6,1,2
BRDA:23,7,0,0
BRDA:29,8,0,0
BRDA:29,8,1,2
BRF:11
BRH:7
end_of_record
TN:
SF:src/maskers/index.ts
FNF:0
FNH:0
DA:1,1
DA:2,1
DA:3,1
DA:4,1
LF:4
LH:4
BRF:0
BRH:0
end_of_record
TN:
SF:src/maskers/phone.ts
FN:12,maskPhone
FNF:1
FNH:1
FNDA:5,maskPhone
DA:12,1
DA:24,5
DA:26,5
DA:28,5
DA:29,5
DA:31,5
DA:34,5
DA:38,5
DA:41,5
DA:42,0
DA:43,0
DA:44,0
DA:47,5
DA:48,5
DA:49,5
DA:54,5
DA:57,5
LF:17
LH:14
BRDA:14,0,0,0
BRDA:20,1,0,5
BRDA:21,2,0,4
BRDA:22,3,0,5
BRDA:23,4,0,5
BRDA:26,5,0,0
BRDA:31,6,0,0
BRDA:34,7,0,2
BRDA:34,7,1,3
BRDA:34,8,0,5
BRDA:34,8,1,2
BRDA:41,9,0,0
BRDA:44,10,0,0
BRDA:44,10,1,0
BRDA:44,11,0,0
BRDA:44,11,1,0
BRDA:58,12,0,2
BRDA:58,12,1,3
BRDA:58,13,0,5
BRDA:58,13,1,5
BRF:20
BRH:12
end_of_record
TN:
SF:src/utils/clone.ts
FN:1,safeClone
FN:6,(anonymous_1)
FNF:2
FNH:2
FNDA:82,safeClone
FNDA:15,(anonymous_1)
DA:1,1
DA:2,82
DA:3,39
DA:4,39
DA:6,39
DA:8,31
DA:9,31
DA:10,61
DA:12,31
LF:9
LH:9
BRDA:1,0,0,6
BRDA:2,1,0,43
BRDA:2,2,0,82
BRDA:2,2,1,82
BRDA:3,3,0,0
BRDA:6,4,0,8
BRF:6
BRH:5
end_of_record
TN:
SF:src/utils/detectors.ts
FN:2,(anonymous_0)
FN:3,(anonymous_1)
FN:4,(anonymous_2)
FNF:3
FNH:1
FNDA:1,(anonymous_0)
FNDA:0,(anonymous_1)
FNDA:0,(anonymous_2)
DA:1,1
DA:2,1
DA:3,0
DA:4,0
LF:4
LH:2
BRF:0
BRH:0
end_of_record
TN:
SF:src/utils/index.ts
FNF:0
FNH:0
DA:1,1
DA:2,1
DA:3,1
LF:3
LH:3
BRF:0
BRH:0
end_of_record
